<?xml version="1.0" encoding="UTF-8"?>
<coverage generated="1702514563658" clover="3.2.0">
  <project timestamp="1702514563658" name="All files">
    <metrics statements="370" coveredstatements="293" conditionals="98" coveredconditionals="71" methods="59" coveredmethods="45" elements="527" coveredelements="409" complexity="0" loc="370" ncloc="370" packages="5" files="15" classes="15"/>
    <package name="express-jobly">
      <metrics statements="53" coveredstatements="51" conditionals="20" coveredconditionals="17" methods="8" coveredmethods="7"/>
      <file name="app.js" path="/Users/rachelpoverman/Desktop/Software Engineering Projects/unit-38-Jobly/express-jobly/app.js">
        <metrics statements="25" coveredstatements="25" conditionals="4" coveredconditionals="4" methods="2" coveredmethods="2"/>
        <line num="5" count="5" type="stmt"/>
        <line num="6" count="5" type="stmt"/>
        <line num="8" count="5" type="stmt"/>
        <line num="10" count="5" type="stmt"/>
        <line num="11" count="5" type="stmt"/>
        <line num="12" count="5" type="stmt"/>
        <line num="13" count="5" type="stmt"/>
        <line num="15" count="5" type="stmt"/>
        <line num="17" count="5" type="stmt"/>
        <line num="19" count="5" type="stmt"/>
        <line num="20" count="5" type="stmt"/>
        <line num="21" count="5" type="stmt"/>
        <line num="22" count="5" type="stmt"/>
        <line num="24" count="5" type="stmt"/>
        <line num="25" count="5" type="stmt"/>
        <line num="26" count="5" type="stmt"/>
        <line num="30" count="5" type="stmt"/>
        <line num="31" count="17" type="stmt"/>
        <line num="35" count="5" type="stmt"/>
        <line num="36" count="56" type="cond" truecount="2" falsecount="0"/>
        <line num="37" count="1" type="stmt"/>
        <line num="40" count="56" type="cond" truecount="2" falsecount="0"/>
        <line num="41" count="56" type="stmt"/>
        <line num="43" count="56" type="stmt"/>
        <line num="48" count="5" type="stmt"/>
      </file>
      <file name="config.js" path="/Users/rachelpoverman/Desktop/Software Engineering Projects/unit-38-Jobly/express-jobly/config.js">
        <metrics statements="13" coveredstatements="13" conditionals="10" coveredconditionals="10" methods="1" coveredmethods="1"/>
        <line num="5" count="11" type="stmt"/>
        <line num="6" count="11" type="stmt"/>
        <line num="8" count="11" type="cond" truecount="2" falsecount="0"/>
        <line num="10" count="11" type="cond" truecount="2" falsecount="0"/>
        <line num="14" count="22" type="cond" truecount="2" falsecount="0"/>
        <line num="22" count="11" type="cond" truecount="2" falsecount="0"/>
        <line num="24" count="11" type="stmt"/>
        <line num="25" count="11" type="stmt"/>
        <line num="26" count="11" type="stmt"/>
        <line num="27" count="11" type="stmt"/>
        <line num="28" count="11" type="stmt"/>
        <line num="29" count="11" type="stmt"/>
        <line num="31" count="11" type="stmt"/>
      </file>
      <file name="db.js" path="/Users/rachelpoverman/Desktop/Software Engineering Projects/unit-38-Jobly/express-jobly/db.js">
        <metrics statements="7" coveredstatements="6" conditionals="2" coveredconditionals="1" methods="0" coveredmethods="0"/>
        <line num="3" count="8" type="stmt"/>
        <line num="4" count="8" type="stmt"/>
        <line num="8" count="8" type="cond" truecount="1" falsecount="1"/>
        <line num="9" count="0" type="stmt"/>
        <line num="16" count="8" type="stmt"/>
        <line num="21" count="8" type="stmt"/>
        <line num="23" count="8" type="stmt"/>
      </file>
      <file name="expressError.js" path="/Users/rachelpoverman/Desktop/Software Engineering Projects/unit-38-Jobly/express-jobly/expressError.js">
        <metrics statements="8" coveredstatements="7" conditionals="4" coveredconditionals="2" methods="5" coveredmethods="4"/>
        <line num="9" count="76" type="stmt"/>
        <line num="10" count="76" type="stmt"/>
        <line num="11" count="76" type="stmt"/>
        <line num="19" count="31" type="stmt"/>
        <line num="27" count="35" type="stmt"/>
        <line num="35" count="10" type="stmt"/>
        <line num="43" count="0" type="stmt"/>
        <line num="47" count="10" type="stmt"/>
      </file>
    </package>
    <package name="express-jobly.helpers">
      <metrics statements="13" coveredstatements="13" conditionals="6" coveredconditionals="6" methods="3" coveredmethods="3"/>
      <file name="sql.js" path="/Users/rachelpoverman/Desktop/Software Engineering Projects/unit-38-Jobly/express-jobly/helpers/sql.js">
        <metrics statements="7" coveredstatements="7" conditionals="4" coveredconditionals="4" methods="2" coveredmethods="2"/>
        <line num="1" count="9" type="stmt"/>
        <line num="16" count="13" type="stmt"/>
        <line num="17" count="13" type="cond" truecount="2" falsecount="0"/>
        <line num="20" count="9" type="stmt"/>
        <line num="21" count="23" type="cond" truecount="2" falsecount="0"/>
        <line num="24" count="9" type="stmt"/>
        <line num="30" count="9" type="stmt"/>
      </file>
      <file name="tokens.js" path="/Users/rachelpoverman/Desktop/Software Engineering Projects/unit-38-Jobly/express-jobly/helpers/tokens.js">
        <metrics statements="6" coveredstatements="6" conditionals="2" coveredconditionals="2" methods="1" coveredmethods="1"/>
        <line num="1" count="6" type="stmt"/>
        <line num="2" count="6" type="stmt"/>
        <line num="7" count="9" type="stmt"/>
        <line num="10" count="9" type="stmt"/>
        <line num="15" count="9" type="stmt"/>
        <line num="18" count="6" type="stmt"/>
      </file>
    </package>
    <package name="express-jobly.middleware">
      <metrics statements="20" coveredstatements="19" conditionals="10" coveredconditionals="9" methods="3" coveredmethods="3"/>
      <file name="auth.js" path="/Users/rachelpoverman/Desktop/Software Engineering Projects/unit-38-Jobly/express-jobly/middleware/auth.js">
        <metrics statements="20" coveredstatements="19" conditionals="10" coveredconditionals="9" methods="3" coveredmethods="3"/>
        <line num="5" count="6" type="stmt"/>
        <line num="6" count="6" type="stmt"/>
        <line num="7" count="6" type="stmt"/>
        <line num="19" count="66" type="stmt"/>
        <line num="20" count="66" type="cond" truecount="2" falsecount="0"/>
        <line num="21" count="66" type="cond" truecount="2" falsecount="0"/>
        <line num="22" count="40" type="stmt"/>
        <line num="23" count="40" type="stmt"/>
        <line num="25" count="56" type="stmt"/>
        <line num="27" count="10" type="stmt"/>
        <line num="37" count="34" type="stmt"/>
        <line num="38" count="34" type="cond" truecount="2" falsecount="0"/>
        <line num="39" count="26" type="stmt"/>
        <line num="41" count="8" type="stmt"/>
        <line num="46" count="23" type="stmt"/>
        <line num="47" count="23" type="cond" truecount="3" falsecount="1"/>
        <line num="48" count="23" type="stmt"/>
        <line num="50" count="0" type="stmt"/>
        <line num="52" count="23" type="stmt"/>
        <line num="56" count="6" type="stmt"/>
      </file>
    </package>
    <package name="express-jobly.models">
      <metrics statements="137" coveredstatements="116" conditionals="45" coveredconditionals="33" methods="22" coveredmethods="21"/>
      <file name="_testCommon.js" path="/Users/rachelpoverman/Desktop/Software Engineering Projects/unit-38-Jobly/express-jobly/models/_testCommon.js">
        <metrics statements="13" coveredstatements="12" conditionals="0" coveredconditionals="0" methods="4" coveredmethods="4"/>
        <line num="1" count="3" type="stmt"/>
        <line num="3" count="3" type="stmt"/>
        <line num="4" count="3" type="stmt"/>
        <line num="7" count="3" type="stmt"/>
        <line num="9" count="3" type="stmt"/>
        <line num="11" count="3" type="stmt"/>
        <line num="13" count="3" type="stmt"/>
        <line num="19" count="3" type="stmt"/>
        <line num="33" count="0" type="stmt"/>
        <line num="38" count="40" type="stmt"/>
        <line num="42" count="40" type="stmt"/>
        <line num="46" count="3" type="stmt"/>
        <line num="50" count="3" type="stmt"/>
      </file>
      <file name="company.js" path="/Users/rachelpoverman/Desktop/Software Engineering Projects/unit-38-Jobly/express-jobly/models/company.js">
        <metrics statements="45" coveredstatements="41" conditionals="17" coveredconditionals="15" methods="6" coveredmethods="6"/>
        <line num="3" count="6" type="stmt"/>
        <line num="4" count="6" type="stmt"/>
        <line num="5" count="6" type="stmt"/>
        <line num="20" count="19" type="stmt"/>
        <line num="26" count="19" type="cond" truecount="2" falsecount="0"/>
        <line num="27" count="1" type="stmt"/>
        <line num="29" count="18" type="stmt"/>
        <line num="42" count="18" type="stmt"/>
        <line num="44" count="18" type="stmt"/>
        <line num="55" count="5" type="stmt"/>
        <line num="58" count="5" type="stmt"/>
        <line num="59" count="5" type="stmt"/>
        <line num="60" count="5" type="stmt"/>
        <line num="62" count="5" type="cond" truecount="2" falsecount="0"/>
        <line num="63" count="1" type="stmt"/>
        <line num="64" count="1" type="stmt"/>
        <line num="66" count="5" type="cond" truecount="1" falsecount="1"/>
        <line num="67" count="0" type="stmt"/>
        <line num="68" count="0" type="stmt"/>
        <line num="70" count="5" type="cond" truecount="1" falsecount="1"/>
        <line num="71" count="0" type="stmt"/>
        <line num="72" count="0" type="stmt"/>
        <line num="76" count="5" type="stmt"/>
        <line num="78" count="5" type="cond" truecount="2" falsecount="0"/>
        <line num="79" count="1" type="stmt"/>
        <line num="80" count="1" type="stmt"/>
        <line num="81" count="1" type="stmt"/>
        <line num="82" count="1" type="stmt"/>
        <line num="86" count="5" type="stmt"/>
        <line num="94" count="4" type="stmt"/>
        <line num="106" count="5" type="stmt"/>
        <line num="116" count="5" type="stmt"/>
        <line num="118" count="5" type="cond" truecount="2" falsecount="0"/>
        <line num="120" count="3" type="stmt"/>
        <line num="136" count="4" type="stmt"/>
        <line num="142" count="3" type="stmt"/>
        <line num="144" count="3" type="stmt"/>
        <line num="152" count="3" type="stmt"/>
        <line num="153" count="3" type="stmt"/>
        <line num="155" count="3" type="cond" truecount="2" falsecount="0"/>
        <line num="157" count="2" type="stmt"/>
        <line num="166" count="2" type="stmt"/>
        <line num="172" count="2" type="stmt"/>
        <line num="174" count="2" type="cond" truecount="2" falsecount="0"/>
        <line num="179" count="6" type="stmt"/>
      </file>
      <file name="jobs.js" path="/Users/rachelpoverman/Desktop/Software Engineering Projects/unit-38-Jobly/express-jobly/models/jobs.js">
        <metrics statements="26" coveredstatements="23" conditionals="8" coveredconditionals="4" methods="5" coveredmethods="5"/>
        <line num="3" count="1" type="stmt"/>
        <line num="4" count="1" type="stmt"/>
        <line num="5" count="1" type="stmt"/>
        <line num="20" count="2" type="stmt"/>
        <line num="27" count="2" type="cond" truecount="1" falsecount="1"/>
        <line num="28" count="0" type="stmt"/>
        <line num="31" count="2" type="stmt"/>
        <line num="39" count="1" type="stmt"/>
        <line num="41" count="1" type="stmt"/>
        <line num="50" count="1" type="stmt"/>
        <line num="59" count="1" type="stmt"/>
        <line num="71" count="2" type="stmt"/>
        <line num="82" count="2" type="stmt"/>
        <line num="84" count="2" type="cond" truecount="1" falsecount="1"/>
        <line num="86" count="0" type="stmt"/>
        <line num="102" count="3" type="stmt"/>
        <line num="103" count="2" type="stmt"/>
        <line num="105" count="2" type="stmt"/>
        <line num="113" count="2" type="stmt"/>
        <line num="114" count="2" type="stmt"/>
        <line num="116" count="2" type="cond" truecount="1" falsecount="1"/>
        <line num="118" count="0" type="stmt"/>
        <line num="127" count="2" type="stmt"/>
        <line num="134" count="2" type="stmt"/>
        <line num="136" count="2" type="cond" truecount="1" falsecount="1"/>
        <line num="140" count="1" type="stmt"/>
      </file>
      <file name="user.js" path="/Users/rachelpoverman/Desktop/Software Engineering Projects/unit-38-Jobly/express-jobly/models/user.js">
        <metrics statements="53" coveredstatements="40" conditionals="20" coveredconditionals="14" methods="7" coveredmethods="6"/>
        <line num="3" count="6" type="stmt"/>
        <line num="4" count="6" type="stmt"/>
        <line num="5" count="6" type="stmt"/>
        <line num="10" count="6" type="stmt"/>
        <line num="12" count="6" type="stmt"/>
        <line num="26" count="6" type="stmt"/>
        <line num="38" count="6" type="stmt"/>
        <line num="40" count="6" type="cond" truecount="2" falsecount="0"/>
        <line num="42" count="3" type="stmt"/>
        <line num="43" count="3" type="cond" truecount="2" falsecount="0"/>
        <line num="44" count="2" type="stmt"/>
        <line num="45" count="2" type="stmt"/>
        <line num="49" count="4" type="stmt"/>
        <line num="61" count="17" type="stmt"/>
        <line num="68" count="17" type="cond" truecount="2" falsecount="0"/>
        <line num="69" count="1" type="stmt"/>
        <line num="72" count="16" type="stmt"/>
        <line num="74" count="16" type="stmt"/>
        <line num="94" count="16" type="stmt"/>
        <line num="96" count="16" type="stmt"/>
        <line num="105" count="1" type="stmt"/>
        <line num="115" count="1" type="stmt"/>
        <line num="127" count="4" type="stmt"/>
        <line num="138" count="4" type="stmt"/>
        <line num="140" count="4" type="cond" truecount="2" falsecount="0"/>
        <line num="142" count="2" type="stmt"/>
        <line num="153" count="0" type="stmt"/>
        <line num="159" count="0" type="stmt"/>
        <line num="166" count="0" type="stmt"/>
        <line num="167" count="0" type="stmt"/>
        <line num="169" count="0" type="cond" truecount="0" falsecount="2"/>
        <line num="170" count="0" type="stmt"/>
        <line num="173" count="0" type="cond" truecount="0" falsecount="2"/>
        <line num="174" count="0" type="stmt"/>
        <line num="177" count="0" type="stmt"/>
        <line num="184" count="0" type="cond" truecount="0" falsecount="2"/>
        <line num="185" count="0" type="stmt"/>
        <line num="188" count="0" type="stmt"/>
        <line num="194" count="0" type="stmt"/>
        <line num="215" count="4" type="cond" truecount="2" falsecount="0"/>
        <line num="216" count="1" type="stmt"/>
        <line num="219" count="4" type="stmt"/>
        <line num="226" count="3" type="stmt"/>
        <line num="228" count="3" type="stmt"/>
        <line num="236" count="3" type="stmt"/>
        <line num="237" count="3" type="stmt"/>
        <line num="239" count="3" type="cond" truecount="2" falsecount="0"/>
        <line num="241" count="2" type="stmt"/>
        <line num="242" count="2" type="stmt"/>
        <line num="248" count="2" type="stmt"/>
        <line num="255" count="2" type="stmt"/>
        <line num="257" count="2" type="cond" truecount="2" falsecount="0"/>
        <line num="262" count="6" type="stmt"/>
      </file>
    </package>
    <package name="express-jobly.routes">
      <metrics statements="147" coveredstatements="94" conditionals="17" coveredconditionals="6" methods="23" coveredmethods="11"/>
      <file name="_testCommon.js" path="/Users/rachelpoverman/Desktop/Software Engineering Projects/unit-38-Jobly/express-jobly/routes/_testCommon.js">
        <metrics statements="19" coveredstatements="18" conditionals="0" coveredconditionals="0" methods="4" coveredmethods="4"/>
        <line num="3" count="4" type="stmt"/>
        <line num="4" count="4" type="stmt"/>
        <line num="5" count="4" type="stmt"/>
        <line num="6" count="4" type="stmt"/>
        <line num="9" count="4" type="stmt"/>
        <line num="11" count="4" type="stmt"/>
        <line num="13" count="4" type="stmt"/>
        <line num="15" count="0" type="stmt"/>
        <line num="18" count="4" type="stmt"/>
        <line num="26" count="4" type="stmt"/>
        <line num="34" count="4" type="stmt"/>
        <line num="43" count="4" type="stmt"/>
        <line num="51" count="4" type="stmt"/>
        <line num="59" count="4" type="stmt"/>
        <line num="70" count="61" type="stmt"/>
        <line num="74" count="61" type="stmt"/>
        <line num="78" count="4" type="stmt"/>
        <line num="82" count="4" type="stmt"/>
        <line num="85" count="4" type="stmt"/>
      </file>
      <file name="auth.js" path="/Users/rachelpoverman/Desktop/Software Engineering Projects/unit-38-Jobly/express-jobly/routes/auth.js">
        <metrics statements="30" coveredstatements="30" conditionals="4" coveredconditionals="4" methods="4" coveredmethods="4"/>
        <line num="5" count="5" type="stmt"/>
        <line num="7" count="5" type="stmt"/>
        <line num="8" count="5" type="stmt"/>
        <line num="9" count="5" type="stmt"/>
        <line num="10" count="5" type="stmt"/>
        <line num="11" count="5" type="stmt"/>
        <line num="12" count="5" type="stmt"/>
        <line num="13" count="5" type="stmt"/>
        <line num="22" count="5" type="stmt"/>
        <line num="23" count="5" type="stmt"/>
        <line num="24" count="5" type="stmt"/>
        <line num="25" count="5" type="cond" truecount="2" falsecount="0"/>
        <line num="26" count="2" type="stmt"/>
        <line num="27" count="2" type="stmt"/>
        <line num="30" count="3" type="stmt"/>
        <line num="31" count="3" type="stmt"/>
        <line num="32" count="1" type="stmt"/>
        <line num="33" count="1" type="stmt"/>
        <line num="35" count="4" type="stmt"/>
        <line num="49" count="5" type="stmt"/>
        <line num="50" count="3" type="stmt"/>
        <line num="51" count="3" type="stmt"/>
        <line num="52" count="3" type="cond" truecount="2" falsecount="0"/>
        <line num="53" count="5" type="stmt"/>
        <line num="54" count="2" type="stmt"/>
        <line num="57" count="1" type="stmt"/>
        <line num="58" count="1" type="stmt"/>
        <line num="59" count="1" type="stmt"/>
        <line num="61" count="2" type="stmt"/>
        <line num="66" count="5" type="stmt"/>
      </file>
      <file name="companies.js" path="/Users/rachelpoverman/Desktop/Software Engineering Projects/unit-38-Jobly/express-jobly/routes/companies.js">
        <metrics statements="46" coveredstatements="25" conditionals="9" coveredconditionals="2" methods="7" coveredmethods="2"/>
        <line num="5" count="5" type="stmt"/>
        <line num="6" count="5" type="stmt"/>
        <line num="8" count="5" type="stmt"/>
        <line num="9" count="5" type="stmt"/>
        <line num="10" count="5" type="stmt"/>
        <line num="11" count="5" type="stmt"/>
        <line num="13" count="5" type="stmt"/>
        <line num="14" count="5" type="stmt"/>
        <line num="16" count="5" type="stmt"/>
        <line num="28" count="5" type="stmt"/>
        <line num="29" count="0" type="stmt"/>
        <line num="30" count="0" type="stmt"/>
        <line num="31" count="0" type="cond" truecount="0" falsecount="2"/>
        <line num="32" count="0" type="stmt"/>
        <line num="33" count="0" type="stmt"/>
        <line num="36" count="0" type="stmt"/>
        <line num="37" count="0" type="stmt"/>
        <line num="39" count="0" type="stmt"/>
        <line num="54" count="5" type="stmt"/>
        <line num="55" count="3" type="stmt"/>
        <line num="57" count="3" type="stmt"/>
        <line num="58" count="3" type="cond" truecount="2" falsecount="3"/>
        <line num="59" count="0" type="stmt"/>
        <line num="62" count="3" type="stmt"/>
        <line num="63" count="2" type="stmt"/>
        <line num="65" count="1" type="stmt"/>
        <line num="77" count="5" type="stmt"/>
        <line num="78" count="3" type="stmt"/>
        <line num="79" count="3" type="stmt"/>
        <line num="80" count="2" type="stmt"/>
        <line num="82" count="1" type="stmt"/>
        <line num="97" count="5" type="stmt"/>
        <line num="98" count="0" type="stmt"/>
        <line num="99" count="0" type="stmt"/>
        <line num="100" count="0" type="cond" truecount="0" falsecount="2"/>
        <line num="101" count="0" type="stmt"/>
        <line num="102" count="0" type="stmt"/>
        <line num="105" count="0" type="stmt"/>
        <line num="106" count="0" type="stmt"/>
        <line num="108" count="0" type="stmt"/>
        <line num="117" count="5" type="stmt"/>
        <line num="118" count="0" type="stmt"/>
        <line num="119" count="0" type="stmt"/>
        <line num="120" count="0" type="stmt"/>
        <line num="122" count="0" type="stmt"/>
        <line num="127" count="5" type="stmt"/>
      </file>
      <file name="users.js" path="/Users/rachelpoverman/Desktop/Software Engineering Projects/unit-38-Jobly/express-jobly/routes/users.js">
        <metrics statements="52" coveredstatements="21" conditionals="4" coveredconditionals="0" methods="8" coveredmethods="1"/>
        <line num="5" count="5" type="stmt"/>
        <line num="7" count="5" type="stmt"/>
        <line num="8" count="5" type="stmt"/>
        <line num="9" count="5" type="stmt"/>
        <line num="10" count="5" type="stmt"/>
        <line num="11" count="5" type="stmt"/>
        <line num="12" count="5" type="stmt"/>
        <line num="13" count="5" type="stmt"/>
        <line num="14" count="5" type="stmt"/>
        <line num="16" count="5" type="stmt"/>
        <line num="31" count="5" type="stmt"/>
        <line num="32" count="0" type="stmt"/>
        <line num="33" count="0" type="stmt"/>
        <line num="34" count="0" type="cond" truecount="0" falsecount="2"/>
        <line num="35" count="0" type="stmt"/>
        <line num="36" count="0" type="stmt"/>
        <line num="39" count="0" type="stmt"/>
        <line num="40" count="0" type="stmt"/>
        <line num="41" count="0" type="stmt"/>
        <line num="43" count="0" type="stmt"/>
        <line num="52" count="5" type="stmt"/>
        <line num="53" count="0" type="stmt"/>
        <line num="54" count="0" type="stmt"/>
        <line num="55" count="0" type="stmt"/>
        <line num="57" count="0" type="stmt"/>
        <line num="59" count="0" type="stmt"/>
        <line num="61" count="0" type="stmt"/>
        <line num="73" count="5" type="stmt"/>
        <line num="74" count="0" type="stmt"/>
        <line num="75" count="0" type="stmt"/>
        <line num="76" count="0" type="stmt"/>
        <line num="78" count="0" type="stmt"/>
        <line num="90" count="5" type="stmt"/>
        <line num="91" count="2" type="stmt"/>
        <line num="92" count="2" type="stmt"/>
        <line num="93" count="1" type="stmt"/>
        <line num="95" count="1" type="stmt"/>
        <line num="110" count="5" type="stmt"/>
        <line num="111" count="0" type="stmt"/>
        <line num="112" count="0" type="stmt"/>
        <line num="113" count="0" type="cond" truecount="0" falsecount="2"/>
        <line num="114" count="0" type="stmt"/>
        <line num="115" count="0" type="stmt"/>
        <line num="118" count="0" type="stmt"/>
        <line num="119" count="0" type="stmt"/>
        <line num="121" count="0" type="stmt"/>
        <line num="131" count="5" type="stmt"/>
        <line num="132" count="0" type="stmt"/>
        <line num="133" count="0" type="stmt"/>
        <line num="134" count="0" type="stmt"/>
        <line num="136" count="0" type="stmt"/>
        <line num="141" count="5" type="stmt"/>
      </file>
    </package>
  </project>
</coverage>
