{"/Users/rachelpoverman/Desktop/Software Engineering Projects/unit-38-Jobly/express-jobly/app.js": {"path":"/Users/rachelpoverman/Desktop/Software Engineering Projects/unit-38-Jobly/express-jobly/app.js","statementMap":{"0":{"start":{"line":5,"column":16},"end":{"line":5,"column":34}},"1":{"start":{"line":6,"column":13},"end":{"line":6,"column":28}},"2":{"start":{"line":8,"column":26},"end":{"line":8,"column":51}},"3":{"start":{"line":10,"column":28},"end":{"line":10,"column":56}},"4":{"start":{"line":11,"column":19},"end":{"line":11,"column":43}},"5":{"start":{"line":12,"column":24},"end":{"line":12,"column":53}},"6":{"start":{"line":13,"column":20},"end":{"line":13,"column":45}},"7":{"start":{"line":15,"column":15},"end":{"line":15,"column":32}},"8":{"start":{"line":17,"column":12},"end":{"line":17,"column":21}},"9":{"start":{"line":19,"column":0},"end":{"line":19,"column":16}},"10":{"start":{"line":20,"column":0},"end":{"line":20,"column":24}},"11":{"start":{"line":21,"column":0},"end":{"line":21,"column":24}},"12":{"start":{"line":22,"column":0},"end":{"line":22,"column":25}},"13":{"start":{"line":24,"column":0},"end":{"line":24,"column":29}},"14":{"start":{"line":25,"column":0},"end":{"line":25,"column":39}},"15":{"start":{"line":26,"column":0},"end":{"line":26,"column":31}},"16":{"start":{"line":30,"column":0},"end":{"line":32,"column":3}},"17":{"start":{"line":31,"column":2},"end":{"line":31,"column":35}},"18":{"start":{"line":35,"column":0},"end":{"line":46,"column":3}},"19":{"start":{"line":36,"column":2},"end":{"line":38,"column":3}},"20":{"start":{"line":37,"column":4},"end":{"line":37,"column":53}},"21":{"start":{"line":40,"column":17},"end":{"line":40,"column":34}},"22":{"start":{"line":41,"column":18},"end":{"line":41,"column":29}},"23":{"start":{"line":43,"column":2},"end":{"line":45,"column":5}},"24":{"start":{"line":48,"column":0},"end":{"line":48,"column":21}}},"fnMap":{"0":{"name":"(anonymous_0)","decl":{"start":{"line":30,"column":8},"end":{"line":30,"column":9}},"loc":{"start":{"line":30,"column":34},"end":{"line":32,"column":1}},"line":30},"1":{"name":"(anonymous_1)","decl":{"start":{"line":35,"column":8},"end":{"line":35,"column":9}},"loc":{"start":{"line":35,"column":39},"end":{"line":46,"column":1}},"line":35}},"branchMap":{"0":{"loc":{"start":{"line":36,"column":2},"end":{"line":38,"column":3}},"type":"if","locations":[{"start":{"line":36,"column":2},"end":{"line":38,"column":3}},{"start":{},"end":{}}],"line":36},"1":{"loc":{"start":{"line":40,"column":17},"end":{"line":40,"column":34}},"type":"binary-expr","locations":[{"start":{"line":40,"column":17},"end":{"line":40,"column":27}},{"start":{"line":40,"column":31},"end":{"line":40,"column":34}}],"line":40}},"s":{"0":5,"1":5,"2":5,"3":5,"4":5,"5":5,"6":5,"7":5,"8":5,"9":5,"10":5,"11":5,"12":5,"13":5,"14":5,"15":5,"16":5,"17":17,"18":5,"19":56,"20":1,"21":56,"22":56,"23":56,"24":5},"f":{"0":17,"1":56},"b":{"0":[1,55],"1":[56,1]},"_coverageSchema":"1a1c01bbd47fc00a2c39e90264f33305004495a9","hash":"f3676cea69f027459dd5ec3a4449f8029a81d659"}
,"/Users/rachelpoverman/Desktop/Software Engineering Projects/unit-38-Jobly/express-jobly/config.js": {"path":"/Users/rachelpoverman/Desktop/Software Engineering Projects/unit-38-Jobly/express-jobly/config.js","statementMap":{"0":{"start":{"line":5,"column":0},"end":{"line":5,"column":27}},"1":{"start":{"line":6,"column":0},"end":{"line":6,"column":18}},"2":{"start":{"line":8,"column":19},"end":{"line":8,"column":57}},"3":{"start":{"line":10,"column":13},"end":{"line":10,"column":38}},"4":{"start":{"line":14,"column":2},"end":{"line":16,"column":67}},"5":{"start":{"line":22,"column":27},"end":{"line":22,"column":67}},"6":{"start":{"line":24,"column":0},"end":{"line":24,"column":35}},"7":{"start":{"line":25,"column":0},"end":{"line":25,"column":46}},"8":{"start":{"line":26,"column":0},"end":{"line":26,"column":45}},"9":{"start":{"line":27,"column":0},"end":{"line":27,"column":61}},"10":{"start":{"line":28,"column":0},"end":{"line":28,"column":50}},"11":{"start":{"line":29,"column":0},"end":{"line":29,"column":19}},"12":{"start":{"line":31,"column":0},"end":{"line":36,"column":2}}},"fnMap":{"0":{"name":"getDatabaseUri","decl":{"start":{"line":13,"column":9},"end":{"line":13,"column":23}},"loc":{"start":{"line":13,"column":26},"end":{"line":17,"column":1}},"line":13}},"branchMap":{"0":{"loc":{"start":{"line":8,"column":19},"end":{"line":8,"column":57}},"type":"binary-expr","locations":[{"start":{"line":8,"column":19},"end":{"line":8,"column":41}},{"start":{"line":8,"column":45},"end":{"line":8,"column":57}}],"line":8},"1":{"loc":{"start":{"line":10,"column":13},"end":{"line":10,"column":38}},"type":"binary-expr","locations":[{"start":{"line":10,"column":13},"end":{"line":10,"column":30}},{"start":{"line":10,"column":34},"end":{"line":10,"column":38}}],"line":10},"2":{"loc":{"start":{"line":14,"column":9},"end":{"line":16,"column":66}},"type":"cond-expr","locations":[{"start":{"line":15,"column":8},"end":{"line":15,"column":43}},{"start":{"line":16,"column":8},"end":{"line":16,"column":66}}],"line":14},"3":{"loc":{"start":{"line":16,"column":8},"end":{"line":16,"column":66}},"type":"binary-expr","locations":[{"start":{"line":16,"column":8},"end":{"line":16,"column":32}},{"start":{"line":16,"column":36},"end":{"line":16,"column":66}}],"line":16},"4":{"loc":{"start":{"line":22,"column":27},"end":{"line":22,"column":67}},"type":"cond-expr","locations":[{"start":{"line":22,"column":61},"end":{"line":22,"column":62}},{"start":{"line":22,"column":65},"end":{"line":22,"column":67}}],"line":22}},"s":{"0":11,"1":11,"2":11,"3":11,"4":22,"5":11,"6":11,"7":11,"8":11,"9":11,"10":11,"11":11,"12":11},"f":{"0":22},"b":{"0":[11,10],"1":[11,10],"2":[19,3],"3":[3,1],"4":[10,1]},"_coverageSchema":"1a1c01bbd47fc00a2c39e90264f33305004495a9","hash":"ed782cea587517284558057af00b90713f17ccfc"}
,"/Users/rachelpoverman/Desktop/Software Engineering Projects/unit-38-Jobly/express-jobly/db.js": {"path":"/Users/rachelpoverman/Desktop/Software Engineering Projects/unit-38-Jobly/express-jobly/db.js","statementMap":{"0":{"start":{"line":3,"column":19},"end":{"line":3,"column":32}},"1":{"start":{"line":4,"column":27},"end":{"line":4,"column":46}},"2":{"start":{"line":8,"column":0},"end":{"line":19,"column":1}},"3":{"start":{"line":9,"column":2},"end":{"line":14,"column":5}},"4":{"start":{"line":16,"column":2},"end":{"line":18,"column":5}},"5":{"start":{"line":21,"column":0},"end":{"line":21,"column":13}},"6":{"start":{"line":23,"column":0},"end":{"line":23,"column":20}}},"fnMap":{},"branchMap":{"0":{"loc":{"start":{"line":8,"column":0},"end":{"line":19,"column":1}},"type":"if","locations":[{"start":{"line":8,"column":0},"end":{"line":19,"column":1}},{"start":{"line":15,"column":7},"end":{"line":19,"column":1}}],"line":8}},"s":{"0":8,"1":8,"2":8,"3":0,"4":8,"5":8,"6":8},"f":{},"b":{"0":[0,8]},"_coverageSchema":"1a1c01bbd47fc00a2c39e90264f33305004495a9","hash":"ddc09d601e05e9c035111ec513cc29d52290bd91"}
,"/Users/rachelpoverman/Desktop/Software Engineering Projects/unit-38-Jobly/express-jobly/expressError.js": {"path":"/Users/rachelpoverman/Desktop/Software Engineering Projects/unit-38-Jobly/express-jobly/expressError.js","statementMap":{"0":{"start":{"line":9,"column":4},"end":{"line":9,"column":12}},"1":{"start":{"line":10,"column":4},"end":{"line":10,"column":27}},"2":{"start":{"line":11,"column":4},"end":{"line":11,"column":25}},"3":{"start":{"line":19,"column":4},"end":{"line":19,"column":24}},"4":{"start":{"line":27,"column":4},"end":{"line":27,"column":24}},"5":{"start":{"line":35,"column":4},"end":{"line":35,"column":24}},"6":{"start":{"line":43,"column":4},"end":{"line":43,"column":24}},"7":{"start":{"line":47,"column":0},"end":{"line":53,"column":2}}},"fnMap":{"0":{"name":"(anonymous_0)","decl":{"start":{"line":8,"column":2},"end":{"line":8,"column":3}},"loc":{"start":{"line":8,"column":31},"end":{"line":12,"column":3}},"line":8},"1":{"name":"(anonymous_1)","decl":{"start":{"line":18,"column":2},"end":{"line":18,"column":3}},"loc":{"start":{"line":18,"column":37},"end":{"line":20,"column":3}},"line":18},"2":{"name":"(anonymous_2)","decl":{"start":{"line":26,"column":2},"end":{"line":26,"column":3}},"loc":{"start":{"line":26,"column":40},"end":{"line":28,"column":3}},"line":26},"3":{"name":"(anonymous_3)","decl":{"start":{"line":34,"column":2},"end":{"line":34,"column":3}},"loc":{"start":{"line":34,"column":39},"end":{"line":36,"column":3}},"line":34},"4":{"name":"(anonymous_4)","decl":{"start":{"line":42,"column":2},"end":{"line":42,"column":3}},"loc":{"start":{"line":42,"column":39},"end":{"line":44,"column":3}},"line":42}},"branchMap":{"0":{"loc":{"start":{"line":18,"column":14},"end":{"line":18,"column":35}},"type":"default-arg","locations":[{"start":{"line":18,"column":24},"end":{"line":18,"column":35}}],"line":18},"1":{"loc":{"start":{"line":26,"column":14},"end":{"line":26,"column":38}},"type":"default-arg","locations":[{"start":{"line":26,"column":24},"end":{"line":26,"column":38}}],"line":26},"2":{"loc":{"start":{"line":34,"column":14},"end":{"line":34,"column":37}},"type":"default-arg","locations":[{"start":{"line":34,"column":24},"end":{"line":34,"column":37}}],"line":34},"3":{"loc":{"start":{"line":42,"column":14},"end":{"line":42,"column":37}},"type":"default-arg","locations":[{"start":{"line":42,"column":24},"end":{"line":42,"column":37}}],"line":42}},"s":{"0":76,"1":76,"2":76,"3":31,"4":35,"5":10,"6":0,"7":10},"f":{"0":76,"1":31,"2":35,"3":10,"4":0},"b":{"0":[17],"1":[31],"2":[0],"3":[0]},"_coverageSchema":"1a1c01bbd47fc00a2c39e90264f33305004495a9","hash":"0125e8a2d27e619982bd63d4394291b93f4e5838"}
,"/Users/rachelpoverman/Desktop/Software Engineering Projects/unit-38-Jobly/express-jobly/helpers/sql.js": {"path":"/Users/rachelpoverman/Desktop/Software Engineering Projects/unit-38-Jobly/express-jobly/helpers/sql.js","statementMap":{"0":{"start":{"line":1,"column":28},"end":{"line":1,"column":54}},"1":{"start":{"line":16,"column":15},"end":{"line":16,"column":40}},"2":{"start":{"line":17,"column":2},"end":{"line":17,"column":62}},"3":{"start":{"line":17,"column":25},"end":{"line":17,"column":62}},"4":{"start":{"line":20,"column":15},"end":{"line":22,"column":3}},"5":{"start":{"line":21,"column":6},"end":{"line":21,"column":52}},"6":{"start":{"line":24,"column":2},"end":{"line":27,"column":4}},"7":{"start":{"line":30,"column":0},"end":{"line":30,"column":41}}},"fnMap":{"0":{"name":"sqlForPartialUpdate","decl":{"start":{"line":15,"column":9},"end":{"line":15,"column":28}},"loc":{"start":{"line":15,"column":52},"end":{"line":28,"column":1}},"line":15},"1":{"name":"(anonymous_1)","decl":{"start":{"line":20,"column":24},"end":{"line":20,"column":25}},"loc":{"start":{"line":21,"column":6},"end":{"line":21,"column":52}},"line":21}},"branchMap":{"0":{"loc":{"start":{"line":17,"column":2},"end":{"line":17,"column":62}},"type":"if","locations":[{"start":{"line":17,"column":2},"end":{"line":17,"column":62}},{"start":{},"end":{}}],"line":17},"1":{"loc":{"start":{"line":21,"column":10},"end":{"line":21,"column":37}},"type":"binary-expr","locations":[{"start":{"line":21,"column":10},"end":{"line":21,"column":26}},{"start":{"line":21,"column":30},"end":{"line":21,"column":37}}],"line":21}},"s":{"0":9,"1":13,"2":13,"3":4,"4":9,"5":23,"6":9,"7":9},"f":{"0":13,"1":23},"b":{"0":[4,9],"1":[23,12]},"_coverageSchema":"1a1c01bbd47fc00a2c39e90264f33305004495a9","hash":"2cf9bd10f7b58b0fb5340dd93de2a786b7dce88e"}
,"/Users/rachelpoverman/Desktop/Software Engineering Projects/unit-38-Jobly/express-jobly/helpers/tokens.js": {"path":"/Users/rachelpoverman/Desktop/Software Engineering Projects/unit-38-Jobly/express-jobly/helpers/tokens.js","statementMap":{"0":{"start":{"line":1,"column":12},"end":{"line":1,"column":35}},"1":{"start":{"line":2,"column":23},"end":{"line":2,"column":43}},"2":{"start":{"line":7,"column":2},"end":{"line":8,"column":58}},"3":{"start":{"line":10,"column":16},"end":{"line":13,"column":3}},"4":{"start":{"line":15,"column":2},"end":{"line":15,"column":39}},"5":{"start":{"line":18,"column":0},"end":{"line":18,"column":33}}},"fnMap":{"0":{"name":"createToken","decl":{"start":{"line":6,"column":9},"end":{"line":6,"column":20}},"loc":{"start":{"line":6,"column":27},"end":{"line":16,"column":1}},"line":6}},"branchMap":{"0":{"loc":{"start":{"line":12,"column":13},"end":{"line":12,"column":34}},"type":"binary-expr","locations":[{"start":{"line":12,"column":13},"end":{"line":12,"column":25}},{"start":{"line":12,"column":29},"end":{"line":12,"column":34}}],"line":12}},"s":{"0":6,"1":6,"2":9,"3":9,"4":9,"5":6},"f":{"0":9},"b":{"0":[9,8]},"_coverageSchema":"1a1c01bbd47fc00a2c39e90264f33305004495a9","hash":"edccfc31e49e01b6f3c7ebbad958f02cfb401efa"}
,"/Users/rachelpoverman/Desktop/Software Engineering Projects/unit-38-Jobly/express-jobly/middleware/auth.js": {"path":"/Users/rachelpoverman/Desktop/Software Engineering Projects/unit-38-Jobly/express-jobly/middleware/auth.js","statementMap":{"0":{"start":{"line":5,"column":12},"end":{"line":5,"column":35}},"1":{"start":{"line":6,"column":23},"end":{"line":6,"column":43}},"2":{"start":{"line":7,"column":30},"end":{"line":7,"column":56}},"3":{"start":{"line":19,"column":2},"end":{"line":28,"column":3}},"4":{"start":{"line":20,"column":23},"end":{"line":20,"column":63}},"5":{"start":{"line":21,"column":4},"end":{"line":24,"column":5}},"6":{"start":{"line":22,"column":20},"end":{"line":22,"column":64}},"7":{"start":{"line":23,"column":6},"end":{"line":23,"column":54}},"8":{"start":{"line":25,"column":4},"end":{"line":25,"column":18}},"9":{"start":{"line":27,"column":4},"end":{"line":27,"column":18}},"10":{"start":{"line":37,"column":2},"end":{"line":42,"column":3}},"11":{"start":{"line":38,"column":4},"end":{"line":38,"column":56}},"12":{"start":{"line":38,"column":26},"end":{"line":38,"column":56}},"13":{"start":{"line":39,"column":4},"end":{"line":39,"column":18}},"14":{"start":{"line":41,"column":4},"end":{"line":41,"column":21}},"15":{"start":{"line":46,"column":2},"end":{"line":53,"column":3}},"16":{"start":{"line":47,"column":4},"end":{"line":49,"column":5}},"17":{"start":{"line":48,"column":6},"end":{"line":48,"column":36}},"18":{"start":{"line":50,"column":4},"end":{"line":50,"column":18}},"19":{"start":{"line":52,"column":4},"end":{"line":52,"column":19}},"20":{"start":{"line":56,"column":0},"end":{"line":60,"column":2}}},"fnMap":{"0":{"name":"authenticateJWT","decl":{"start":{"line":18,"column":9},"end":{"line":18,"column":24}},"loc":{"start":{"line":18,"column":41},"end":{"line":29,"column":1}},"line":18},"1":{"name":"ensureLoggedIn","decl":{"start":{"line":36,"column":9},"end":{"line":36,"column":23}},"loc":{"start":{"line":36,"column":40},"end":{"line":43,"column":1}},"line":36},"2":{"name":"ensureAdmin","decl":{"start":{"line":45,"column":9},"end":{"line":45,"column":20}},"loc":{"start":{"line":45,"column":37},"end":{"line":54,"column":1}},"line":45}},"branchMap":{"0":{"loc":{"start":{"line":20,"column":23},"end":{"line":20,"column":63}},"type":"binary-expr","locations":[{"start":{"line":20,"column":23},"end":{"line":20,"column":34}},{"start":{"line":20,"column":38},"end":{"line":20,"column":63}}],"line":20},"1":{"loc":{"start":{"line":21,"column":4},"end":{"line":24,"column":5}},"type":"if","locations":[{"start":{"line":21,"column":4},"end":{"line":24,"column":5}},{"start":{},"end":{}}],"line":21},"2":{"loc":{"start":{"line":38,"column":4},"end":{"line":38,"column":56}},"type":"if","locations":[{"start":{"line":38,"column":4},"end":{"line":38,"column":56}},{"start":{},"end":{}}],"line":38},"3":{"loc":{"start":{"line":47,"column":4},"end":{"line":49,"column":5}},"type":"if","locations":[{"start":{"line":47,"column":4},"end":{"line":49,"column":5}},{"start":{},"end":{}}],"line":47},"4":{"loc":{"start":{"line":47,"column":8},"end":{"line":47,"column":52}},"type":"binary-expr","locations":[{"start":{"line":47,"column":8},"end":{"line":47,"column":24}},{"start":{"line":47,"column":28},"end":{"line":47,"column":52}}],"line":47}},"s":{"0":6,"1":6,"2":6,"3":66,"4":66,"5":66,"6":40,"7":40,"8":56,"9":10,"10":34,"11":34,"12":8,"13":26,"14":8,"15":23,"16":23,"17":23,"18":0,"19":23,"20":6},"f":{"0":66,"1":34,"2":23},"b":{"0":[66,65],"1":[40,26],"2":[8,26],"3":[23,0],"4":[23,23]},"_coverageSchema":"1a1c01bbd47fc00a2c39e90264f33305004495a9","hash":"2fdb5623628b306771a19560d275cba0f3aaf2b4"}
,"/Users/rachelpoverman/Desktop/Software Engineering Projects/unit-38-Jobly/express-jobly/models/_testCommon.js": {"path":"/Users/rachelpoverman/Desktop/Software Engineering Projects/unit-38-Jobly/express-jobly/models/_testCommon.js","statementMap":{"0":{"start":{"line":1,"column":15},"end":{"line":1,"column":32}},"1":{"start":{"line":3,"column":11},"end":{"line":3,"column":30}},"2":{"start":{"line":4,"column":31},"end":{"line":4,"column":51}},"3":{"start":{"line":7,"column":2},"end":{"line":34,"column":3}},"4":{"start":{"line":9,"column":4},"end":{"line":9,"column":44}},"5":{"start":{"line":11,"column":4},"end":{"line":11,"column":40}},"6":{"start":{"line":13,"column":4},"end":{"line":17,"column":55}},"7":{"start":{"line":19,"column":4},"end":{"line":31,"column":9}},"8":{"start":{"line":33,"column":4},"end":{"line":33,"column":48}},"9":{"start":{"line":38,"column":2},"end":{"line":38,"column":26}},"10":{"start":{"line":42,"column":2},"end":{"line":42,"column":29}},"11":{"start":{"line":46,"column":2},"end":{"line":46,"column":17}},"12":{"start":{"line":50,"column":0},"end":{"line":55,"column":2}}},"fnMap":{"0":{"name":"commonBeforeAll","decl":{"start":{"line":6,"column":15},"end":{"line":6,"column":30}},"loc":{"start":{"line":6,"column":33},"end":{"line":35,"column":1}},"line":6},"1":{"name":"commonBeforeEach","decl":{"start":{"line":37,"column":15},"end":{"line":37,"column":31}},"loc":{"start":{"line":37,"column":34},"end":{"line":39,"column":1}},"line":37},"2":{"name":"commonAfterEach","decl":{"start":{"line":41,"column":15},"end":{"line":41,"column":30}},"loc":{"start":{"line":41,"column":33},"end":{"line":43,"column":1}},"line":41},"3":{"name":"commonAfterAll","decl":{"start":{"line":45,"column":15},"end":{"line":45,"column":29}},"loc":{"start":{"line":45,"column":32},"end":{"line":47,"column":1}},"line":45}},"branchMap":{},"s":{"0":3,"1":3,"2":3,"3":3,"4":3,"5":3,"6":3,"7":3,"8":0,"9":40,"10":40,"11":3,"12":3},"f":{"0":3,"1":40,"2":40,"3":3},"b":{},"_coverageSchema":"1a1c01bbd47fc00a2c39e90264f33305004495a9","hash":"3053e377cf7799aa32f0b53f4ea7bd9e3d7ee5ec"}
,"/Users/rachelpoverman/Desktop/Software Engineering Projects/unit-38-Jobly/express-jobly/models/company.js": {"path":"/Users/rachelpoverman/Desktop/Software Engineering Projects/unit-38-Jobly/express-jobly/models/company.js","statementMap":{"0":{"start":{"line":3,"column":11},"end":{"line":3,"column":27}},"1":{"start":{"line":4,"column":43},"end":{"line":4,"column":69}},"2":{"start":{"line":5,"column":32},"end":{"line":5,"column":57}},"3":{"start":{"line":20,"column":27},"end":{"line":24,"column":17}},"4":{"start":{"line":26,"column":4},"end":{"line":27,"column":64}},"5":{"start":{"line":27,"column":6},"end":{"line":27,"column":64}},"6":{"start":{"line":29,"column":19},"end":{"line":41,"column":5}},"7":{"start":{"line":42,"column":20},"end":{"line":42,"column":34}},"8":{"start":{"line":44,"column":4},"end":{"line":44,"column":19}},"9":{"start":{"line":55,"column":49},"end":{"line":55,"column":56}},"10":{"start":{"line":58,"column":19},"end":{"line":58,"column":21}},"11":{"start":{"line":59,"column":19},"end":{"line":59,"column":21}},"12":{"start":{"line":60,"column":16},"end":{"line":60,"column":17}},"13":{"start":{"line":62,"column":4},"end":{"line":65,"column":5}},"14":{"start":{"line":63,"column":6},"end":{"line":63,"column":25}},"15":{"start":{"line":64,"column":6},"end":{"line":64,"column":30}},"16":{"start":{"line":66,"column":4},"end":{"line":69,"column":5}},"17":{"start":{"line":67,"column":6},"end":{"line":67,"column":41}},"18":{"start":{"line":68,"column":6},"end":{"line":68,"column":32}},"19":{"start":{"line":70,"column":4},"end":{"line":73,"column":5}},"20":{"start":{"line":71,"column":6},"end":{"line":71,"column":41}},"21":{"start":{"line":72,"column":6},"end":{"line":72,"column":32}},"22":{"start":{"line":76,"column":22},"end":{"line":76,"column":24}},"23":{"start":{"line":78,"column":4},"end":{"line":84,"column":5}},"24":{"start":{"line":79,"column":6},"end":{"line":79,"column":28}},"25":{"start":{"line":80,"column":6},"end":{"line":83,"column":23}},"26":{"start":{"line":81,"column":8},"end":{"line":81,"column":16}},"27":{"start":{"line":82,"column":8},"end":{"line":82,"column":40}},"28":{"start":{"line":86,"column":25},"end":{"line":93,"column":26}},"29":{"start":{"line":94,"column":4},"end":{"line":94,"column":29}},"30":{"start":{"line":106,"column":23},"end":{"line":114,"column":17}},"31":{"start":{"line":116,"column":20},"end":{"line":116,"column":38}},"32":{"start":{"line":118,"column":4},"end":{"line":118,"column":67}},"33":{"start":{"line":118,"column":18},"end":{"line":118,"column":67}},"34":{"start":{"line":120,"column":4},"end":{"line":120,"column":19}},"35":{"start":{"line":136,"column":32},"end":{"line":141,"column":10}},"36":{"start":{"line":142,"column":25},"end":{"line":142,"column":50}},"37":{"start":{"line":144,"column":21},"end":{"line":151,"column":54}},"38":{"start":{"line":152,"column":19},"end":{"line":152,"column":64}},"39":{"start":{"line":153,"column":20},"end":{"line":153,"column":34}},"40":{"start":{"line":155,"column":4},"end":{"line":155,"column":67}},"41":{"start":{"line":155,"column":18},"end":{"line":155,"column":67}},"42":{"start":{"line":157,"column":4},"end":{"line":157,"column":19}},"43":{"start":{"line":166,"column":19},"end":{"line":171,"column":17}},"44":{"start":{"line":172,"column":20},"end":{"line":172,"column":34}},"45":{"start":{"line":174,"column":4},"end":{"line":174,"column":67}},"46":{"start":{"line":174,"column":18},"end":{"line":174,"column":67}},"47":{"start":{"line":179,"column":0},"end":{"line":179,"column":25}}},"fnMap":{"0":{"name":"(anonymous_0)","decl":{"start":{"line":19,"column":2},"end":{"line":19,"column":3}},"loc":{"start":{"line":19,"column":76},"end":{"line":45,"column":3}},"line":19},"1":{"name":"(anonymous_1)","decl":{"start":{"line":54,"column":2},"end":{"line":54,"column":3}},"loc":{"start":{"line":54,"column":37},"end":{"line":95,"column":3}},"line":54},"2":{"name":"(anonymous_2)","decl":{"start":{"line":80,"column":45},"end":{"line":80,"column":46}},"loc":{"start":{"line":80,"column":52},"end":{"line":83,"column":7}},"line":80},"3":{"name":"(anonymous_3)","decl":{"start":{"line":105,"column":2},"end":{"line":105,"column":3}},"loc":{"start":{"line":105,"column":27},"end":{"line":121,"column":3}},"line":105},"4":{"name":"(anonymous_4)","decl":{"start":{"line":135,"column":2},"end":{"line":135,"column":3}},"loc":{"start":{"line":135,"column":36},"end":{"line":158,"column":3}},"line":135},"5":{"name":"(anonymous_5)","decl":{"start":{"line":165,"column":2},"end":{"line":165,"column":3}},"loc":{"start":{"line":165,"column":30},"end":{"line":175,"column":3}},"line":165}},"branchMap":{"0":{"loc":{"start":{"line":26,"column":4},"end":{"line":27,"column":64}},"type":"if","locations":[{"start":{"line":26,"column":4},"end":{"line":27,"column":64}},{"start":{},"end":{}}],"line":26},"1":{"loc":{"start":{"line":54,"column":23},"end":{"line":54,"column":35}},"type":"default-arg","locations":[{"start":{"line":54,"column":33},"end":{"line":54,"column":35}}],"line":54},"2":{"loc":{"start":{"line":62,"column":4},"end":{"line":65,"column":5}},"type":"if","locations":[{"start":{"line":62,"column":4},"end":{"line":65,"column":5}},{"start":{},"end":{}}],"line":62},"3":{"loc":{"start":{"line":66,"column":4},"end":{"line":69,"column":5}},"type":"if","locations":[{"start":{"line":66,"column":4},"end":{"line":69,"column":5}},{"start":{},"end":{}}],"line":66},"4":{"loc":{"start":{"line":70,"column":4},"end":{"line":73,"column":5}},"type":"if","locations":[{"start":{"line":70,"column":4},"end":{"line":73,"column":5}},{"start":{},"end":{}}],"line":70},"5":{"loc":{"start":{"line":78,"column":4},"end":{"line":84,"column":5}},"type":"if","locations":[{"start":{"line":78,"column":4},"end":{"line":84,"column":5}},{"start":{},"end":{}}],"line":78},"6":{"loc":{"start":{"line":118,"column":4},"end":{"line":118,"column":67}},"type":"if","locations":[{"start":{"line":118,"column":4},"end":{"line":118,"column":67}},{"start":{},"end":{}}],"line":118},"7":{"loc":{"start":{"line":155,"column":4},"end":{"line":155,"column":67}},"type":"if","locations":[{"start":{"line":155,"column":4},"end":{"line":155,"column":67}},{"start":{},"end":{}}],"line":155},"8":{"loc":{"start":{"line":174,"column":4},"end":{"line":174,"column":67}},"type":"if","locations":[{"start":{"line":174,"column":4},"end":{"line":174,"column":67}},{"start":{},"end":{}}],"line":174}},"s":{"0":6,"1":6,"2":6,"3":19,"4":19,"5":1,"6":18,"7":18,"8":18,"9":5,"10":5,"11":5,"12":5,"13":5,"14":1,"15":1,"16":5,"17":0,"18":0,"19":5,"20":0,"21":0,"22":5,"23":5,"24":1,"25":1,"26":1,"27":1,"28":5,"29":4,"30":5,"31":5,"32":5,"33":2,"34":3,"35":4,"36":3,"37":3,"38":3,"39":3,"40":3,"41":1,"42":2,"43":2,"44":2,"45":2,"46":1,"47":6},"f":{"0":19,"1":5,"2":1,"3":5,"4":4,"5":2},"b":{"0":[1,18],"1":[4],"2":[1,4],"3":[0,5],"4":[0,5],"5":[1,4],"6":[2,3],"7":[1,2],"8":[1,1]},"_coverageSchema":"1a1c01bbd47fc00a2c39e90264f33305004495a9","hash":"6307e378236ae535ca05f0133df371a17943cee5"}
,"/Users/rachelpoverman/Desktop/Software Engineering Projects/unit-38-Jobly/express-jobly/models/jobs.js": {"path":"/Users/rachelpoverman/Desktop/Software Engineering Projects/unit-38-Jobly/express-jobly/models/jobs.js","statementMap":{"0":{"start":{"line":3,"column":11},"end":{"line":3,"column":27}},"1":{"start":{"line":4,"column":43},"end":{"line":4,"column":69}},"2":{"start":{"line":5,"column":32},"end":{"line":5,"column":57}},"3":{"start":{"line":20,"column":27},"end":{"line":25,"column":5}},"4":{"start":{"line":27,"column":4},"end":{"line":29,"column":5}},"5":{"start":{"line":28,"column":6},"end":{"line":28,"column":59}},"6":{"start":{"line":31,"column":19},"end":{"line":37,"column":5}},"7":{"start":{"line":39,"column":16},"end":{"line":39,"column":30}},"8":{"start":{"line":41,"column":4},"end":{"line":41,"column":15}},"9":{"start":{"line":50,"column":20},"end":{"line":58,"column":5}},"10":{"start":{"line":59,"column":4},"end":{"line":59,"column":24}},"11":{"start":{"line":71,"column":19},"end":{"line":80,"column":5}},"12":{"start":{"line":82,"column":16},"end":{"line":82,"column":30}},"13":{"start":{"line":84,"column":4},"end":{"line":84,"column":55}},"14":{"start":{"line":84,"column":14},"end":{"line":84,"column":55}},"15":{"start":{"line":86,"column":4},"end":{"line":86,"column":15}},"16":{"start":{"line":102,"column":32},"end":{"line":102,"column":61}},"17":{"start":{"line":103,"column":21},"end":{"line":103,"column":46}},"18":{"start":{"line":105,"column":21},"end":{"line":112,"column":66}},"19":{"start":{"line":113,"column":19},"end":{"line":113,"column":60}},"20":{"start":{"line":114,"column":16},"end":{"line":114,"column":30}},"21":{"start":{"line":116,"column":4},"end":{"line":116,"column":55}},"22":{"start":{"line":116,"column":14},"end":{"line":116,"column":55}},"23":{"start":{"line":118,"column":4},"end":{"line":118,"column":15}},"24":{"start":{"line":127,"column":19},"end":{"line":133,"column":5}},"25":{"start":{"line":134,"column":16},"end":{"line":134,"column":30}},"26":{"start":{"line":136,"column":4},"end":{"line":136,"column":55}},"27":{"start":{"line":136,"column":14},"end":{"line":136,"column":55}},"28":{"start":{"line":140,"column":0},"end":{"line":140,"column":21}}},"fnMap":{"0":{"name":"(anonymous_0)","decl":{"start":{"line":19,"column":2},"end":{"line":19,"column":3}},"loc":{"start":{"line":19,"column":64},"end":{"line":42,"column":3}},"line":19},"1":{"name":"(anonymous_1)","decl":{"start":{"line":49,"column":2},"end":{"line":49,"column":3}},"loc":{"start":{"line":49,"column":25},"end":{"line":60,"column":3}},"line":49},"2":{"name":"(anonymous_2)","decl":{"start":{"line":70,"column":2},"end":{"line":70,"column":3}},"loc":{"start":{"line":70,"column":23},"end":{"line":87,"column":3}},"line":70},"3":{"name":"(anonymous_3)","decl":{"start":{"line":101,"column":2},"end":{"line":101,"column":3}},"loc":{"start":{"line":101,"column":32},"end":{"line":119,"column":3}},"line":101},"4":{"name":"(anonymous_4)","decl":{"start":{"line":126,"column":2},"end":{"line":126,"column":3}},"loc":{"start":{"line":126,"column":26},"end":{"line":137,"column":3}},"line":126}},"branchMap":{"0":{"loc":{"start":{"line":27,"column":4},"end":{"line":29,"column":5}},"type":"if","locations":[{"start":{"line":27,"column":4},"end":{"line":29,"column":5}},{"start":{},"end":{}}],"line":27},"1":{"loc":{"start":{"line":84,"column":4},"end":{"line":84,"column":55}},"type":"if","locations":[{"start":{"line":84,"column":4},"end":{"line":84,"column":55}},{"start":{},"end":{}}],"line":84},"2":{"loc":{"start":{"line":116,"column":4},"end":{"line":116,"column":55}},"type":"if","locations":[{"start":{"line":116,"column":4},"end":{"line":116,"column":55}},{"start":{},"end":{}}],"line":116},"3":{"loc":{"start":{"line":136,"column":4},"end":{"line":136,"column":55}},"type":"if","locations":[{"start":{"line":136,"column":4},"end":{"line":136,"column":55}},{"start":{},"end":{}}],"line":136}},"s":{"0":1,"1":1,"2":1,"3":2,"4":2,"5":0,"6":2,"7":1,"8":1,"9":1,"10":1,"11":2,"12":2,"13":2,"14":2,"15":0,"16":3,"17":2,"18":2,"19":2,"20":2,"21":2,"22":2,"23":0,"24":2,"25":2,"26":2,"27":2,"28":1},"f":{"0":2,"1":1,"2":2,"3":3,"4":2},"b":{"0":[0,2],"1":[2,0],"2":[2,0],"3":[2,0]},"_coverageSchema":"1a1c01bbd47fc00a2c39e90264f33305004495a9","hash":"842a15b0f58fb5dbdb2376a28de8c183485b94ae"}
,"/Users/rachelpoverman/Desktop/Software Engineering Projects/unit-38-Jobly/express-jobly/models/user.js": {"path":"/Users/rachelpoverman/Desktop/Software Engineering Projects/unit-38-Jobly/express-jobly/models/user.js","statementMap":{"0":{"start":{"line":3,"column":11},"end":{"line":3,"column":27}},"1":{"start":{"line":4,"column":15},"end":{"line":4,"column":32}},"2":{"start":{"line":5,"column":32},"end":{"line":5,"column":57}},"3":{"start":{"line":10,"column":4},"end":{"line":10,"column":30}},"4":{"start":{"line":12,"column":31},"end":{"line":12,"column":54}},"5":{"start":{"line":26,"column":19},"end":{"line":36,"column":5}},"6":{"start":{"line":38,"column":17},"end":{"line":38,"column":31}},"7":{"start":{"line":40,"column":4},"end":{"line":47,"column":5}},"8":{"start":{"line":42,"column":22},"end":{"line":42,"column":67}},"9":{"start":{"line":43,"column":6},"end":{"line":46,"column":7}},"10":{"start":{"line":44,"column":8},"end":{"line":44,"column":29}},"11":{"start":{"line":45,"column":8},"end":{"line":45,"column":20}},"12":{"start":{"line":49,"column":4},"end":{"line":49,"column":61}},"13":{"start":{"line":61,"column":27},"end":{"line":66,"column":5}},"14":{"start":{"line":68,"column":4},"end":{"line":70,"column":5}},"15":{"start":{"line":69,"column":6},"end":{"line":69,"column":67}},"16":{"start":{"line":72,"column":27},"end":{"line":72,"column":74}},"17":{"start":{"line":74,"column":19},"end":{"line":92,"column":5}},"18":{"start":{"line":94,"column":17},"end":{"line":94,"column":31}},"19":{"start":{"line":96,"column":4},"end":{"line":96,"column":16}},"20":{"start":{"line":105,"column":19},"end":{"line":113,"column":5}},"21":{"start":{"line":115,"column":4},"end":{"line":115,"column":23}},"22":{"start":{"line":127,"column":20},"end":{"line":136,"column":5}},"23":{"start":{"line":138,"column":17},"end":{"line":138,"column":32}},"24":{"start":{"line":140,"column":4},"end":{"line":140,"column":63}},"25":{"start":{"line":140,"column":15},"end":{"line":140,"column":63}},"26":{"start":{"line":142,"column":4},"end":{"line":142,"column":16}},"27":{"start":{"line":153,"column":20},"end":{"line":158,"column":5}},"28":{"start":{"line":159,"column":19},"end":{"line":164,"column":5}},"29":{"start":{"line":166,"column":17},"end":{"line":166,"column":32}},"30":{"start":{"line":167,"column":16},"end":{"line":167,"column":30}},"31":{"start":{"line":169,"column":4},"end":{"line":171,"column":5}},"32":{"start":{"line":170,"column":6},"end":{"line":170,"column":54}},"33":{"start":{"line":173,"column":4},"end":{"line":175,"column":5}},"34":{"start":{"line":174,"column":6},"end":{"line":174,"column":50}},"35":{"start":{"line":177,"column":27},"end":{"line":182,"column":5}},"36":{"start":{"line":184,"column":4},"end":{"line":186,"column":5}},"37":{"start":{"line":185,"column":6},"end":{"line":185,"column":89}},"38":{"start":{"line":188,"column":4},"end":{"line":192,"column":6}},"39":{"start":{"line":194,"column":4},"end":{"line":194,"column":30}},"40":{"start":{"line":215,"column":4},"end":{"line":217,"column":5}},"41":{"start":{"line":216,"column":6},"end":{"line":216,"column":75}},"42":{"start":{"line":219,"column":32},"end":{"line":225,"column":10}},"43":{"start":{"line":226,"column":27},"end":{"line":226,"column":52}},"44":{"start":{"line":228,"column":21},"end":{"line":235,"column":54}},"45":{"start":{"line":236,"column":19},"end":{"line":236,"column":66}},"46":{"start":{"line":237,"column":17},"end":{"line":237,"column":31}},"47":{"start":{"line":239,"column":4},"end":{"line":239,"column":63}},"48":{"start":{"line":239,"column":15},"end":{"line":239,"column":63}},"49":{"start":{"line":241,"column":4},"end":{"line":241,"column":25}},"50":{"start":{"line":242,"column":4},"end":{"line":242,"column":16}},"51":{"start":{"line":248,"column":17},"end":{"line":254,"column":5}},"52":{"start":{"line":255,"column":17},"end":{"line":255,"column":31}},"53":{"start":{"line":257,"column":4},"end":{"line":257,"column":63}},"54":{"start":{"line":257,"column":15},"end":{"line":257,"column":63}},"55":{"start":{"line":262,"column":0},"end":{"line":262,"column":22}}},"fnMap":{"0":{"name":"(anonymous_0)","decl":{"start":{"line":24,"column":2},"end":{"line":24,"column":3}},"loc":{"start":{"line":24,"column":48},"end":{"line":50,"column":3}},"line":24},"1":{"name":"(anonymous_1)","decl":{"start":{"line":59,"column":2},"end":{"line":59,"column":3}},"loc":{"start":{"line":60,"column":67},"end":{"line":97,"column":3}},"line":60},"2":{"name":"(anonymous_2)","decl":{"start":{"line":104,"column":2},"end":{"line":104,"column":3}},"loc":{"start":{"line":104,"column":25},"end":{"line":116,"column":3}},"line":104},"3":{"name":"(anonymous_3)","decl":{"start":{"line":126,"column":2},"end":{"line":126,"column":3}},"loc":{"start":{"line":126,"column":29},"end":{"line":143,"column":3}},"line":126},"4":{"name":"(anonymous_4)","decl":{"start":{"line":152,"column":2},"end":{"line":152,"column":3}},"loc":{"start":{"line":152,"column":38},"end":{"line":195,"column":3}},"line":152},"5":{"name":"(anonymous_5)","decl":{"start":{"line":214,"column":2},"end":{"line":214,"column":3}},"loc":{"start":{"line":214,"column":38},"end":{"line":243,"column":3}},"line":214},"6":{"name":"(anonymous_6)","decl":{"start":{"line":247,"column":2},"end":{"line":247,"column":3}},"loc":{"start":{"line":247,"column":32},"end":{"line":258,"column":3}},"line":247}},"branchMap":{"0":{"loc":{"start":{"line":40,"column":4},"end":{"line":47,"column":5}},"type":"if","locations":[{"start":{"line":40,"column":4},"end":{"line":47,"column":5}},{"start":{},"end":{}}],"line":40},"1":{"loc":{"start":{"line":43,"column":6},"end":{"line":46,"column":7}},"type":"if","locations":[{"start":{"line":43,"column":6},"end":{"line":46,"column":7}},{"start":{},"end":{}}],"line":43},"2":{"loc":{"start":{"line":68,"column":4},"end":{"line":70,"column":5}},"type":"if","locations":[{"start":{"line":68,"column":4},"end":{"line":70,"column":5}},{"start":{},"end":{}}],"line":68},"3":{"loc":{"start":{"line":140,"column":4},"end":{"line":140,"column":63}},"type":"if","locations":[{"start":{"line":140,"column":4},"end":{"line":140,"column":63}},{"start":{},"end":{}}],"line":140},"4":{"loc":{"start":{"line":169,"column":4},"end":{"line":171,"column":5}},"type":"if","locations":[{"start":{"line":169,"column":4},"end":{"line":171,"column":5}},{"start":{},"end":{}}],"line":169},"5":{"loc":{"start":{"line":173,"column":4},"end":{"line":175,"column":5}},"type":"if","locations":[{"start":{"line":173,"column":4},"end":{"line":175,"column":5}},{"start":{},"end":{}}],"line":173},"6":{"loc":{"start":{"line":184,"column":4},"end":{"line":186,"column":5}},"type":"if","locations":[{"start":{"line":184,"column":4},"end":{"line":186,"column":5}},{"start":{},"end":{}}],"line":184},"7":{"loc":{"start":{"line":215,"column":4},"end":{"line":217,"column":5}},"type":"if","locations":[{"start":{"line":215,"column":4},"end":{"line":217,"column":5}},{"start":{},"end":{}}],"line":215},"8":{"loc":{"start":{"line":239,"column":4},"end":{"line":239,"column":63}},"type":"if","locations":[{"start":{"line":239,"column":4},"end":{"line":239,"column":63}},{"start":{},"end":{}}],"line":239},"9":{"loc":{"start":{"line":257,"column":4},"end":{"line":257,"column":63}},"type":"if","locations":[{"start":{"line":257,"column":4},"end":{"line":257,"column":63}},{"start":{},"end":{}}],"line":257}},"s":{"0":6,"1":6,"2":6,"3":6,"4":6,"5":6,"6":6,"7":6,"8":3,"9":3,"10":2,"11":2,"12":4,"13":17,"14":17,"15":1,"16":16,"17":16,"18":16,"19":16,"20":1,"21":1,"22":4,"23":4,"24":4,"25":2,"26":2,"27":0,"28":0,"29":0,"30":0,"31":0,"32":0,"33":0,"34":0,"35":0,"36":0,"37":0,"38":0,"39":0,"40":4,"41":1,"42":4,"43":3,"44":3,"45":3,"46":3,"47":3,"48":1,"49":2,"50":2,"51":2,"52":2,"53":2,"54":1,"55":6},"f":{"0":6,"1":17,"2":1,"3":4,"4":0,"5":4,"6":2},"b":{"0":[3,3],"1":[2,1],"2":[1,16],"3":[2,2],"4":[0,0],"5":[0,0],"6":[0,0],"7":[1,3],"8":[1,2],"9":[1,1]},"_coverageSchema":"1a1c01bbd47fc00a2c39e90264f33305004495a9","hash":"280d08302f85c9fbf96a61bd9f53e0881d24c4a4"}
,"/Users/rachelpoverman/Desktop/Software Engineering Projects/unit-38-Jobly/express-jobly/routes/_testCommon.js": {"path":"/Users/rachelpoverman/Desktop/Software Engineering Projects/unit-38-Jobly/express-jobly/routes/_testCommon.js","statementMap":{"0":{"start":{"line":3,"column":11},"end":{"line":3,"column":30}},"1":{"start":{"line":4,"column":13},"end":{"line":4,"column":38}},"2":{"start":{"line":5,"column":16},"end":{"line":5,"column":44}},"3":{"start":{"line":6,"column":24},"end":{"line":6,"column":52}},"4":{"start":{"line":9,"column":2},"end":{"line":16,"column":3}},"5":{"start":{"line":11,"column":4},"end":{"line":11,"column":40}},"6":{"start":{"line":13,"column":4},"end":{"line":13,"column":44}},"7":{"start":{"line":15,"column":4},"end":{"line":15,"column":58}},"8":{"start":{"line":18,"column":2},"end":{"line":25,"column":9}},"9":{"start":{"line":26,"column":2},"end":{"line":33,"column":9}},"10":{"start":{"line":34,"column":2},"end":{"line":41,"column":9}},"11":{"start":{"line":43,"column":2},"end":{"line":50,"column":5}},"12":{"start":{"line":51,"column":2},"end":{"line":58,"column":5}},"13":{"start":{"line":59,"column":2},"end":{"line":66,"column":5}},"14":{"start":{"line":70,"column":2},"end":{"line":70,"column":26}},"15":{"start":{"line":74,"column":2},"end":{"line":74,"column":29}},"16":{"start":{"line":78,"column":2},"end":{"line":78,"column":17}},"17":{"start":{"line":82,"column":16},"end":{"line":82,"column":63}},"18":{"start":{"line":85,"column":0},"end":{"line":91,"column":2}}},"fnMap":{"0":{"name":"commonBeforeAll","decl":{"start":{"line":8,"column":15},"end":{"line":8,"column":30}},"loc":{"start":{"line":8,"column":33},"end":{"line":67,"column":1}},"line":8},"1":{"name":"commonBeforeEach","decl":{"start":{"line":69,"column":15},"end":{"line":69,"column":31}},"loc":{"start":{"line":69,"column":34},"end":{"line":71,"column":1}},"line":69},"2":{"name":"commonAfterEach","decl":{"start":{"line":73,"column":15},"end":{"line":73,"column":30}},"loc":{"start":{"line":73,"column":33},"end":{"line":75,"column":1}},"line":73},"3":{"name":"commonAfterAll","decl":{"start":{"line":77,"column":15},"end":{"line":77,"column":29}},"loc":{"start":{"line":77,"column":32},"end":{"line":79,"column":1}},"line":77}},"branchMap":{},"s":{"0":4,"1":4,"2":4,"3":4,"4":4,"5":4,"6":4,"7":0,"8":4,"9":4,"10":4,"11":4,"12":4,"13":4,"14":61,"15":61,"16":4,"17":4,"18":4},"f":{"0":4,"1":61,"2":61,"3":4},"b":{},"_coverageSchema":"1a1c01bbd47fc00a2c39e90264f33305004495a9","hash":"b03d4e0354bd9cef7158566ac7aa581b764911a1"}
,"/Users/rachelpoverman/Desktop/Software Engineering Projects/unit-38-Jobly/express-jobly/routes/auth.js": {"path":"/Users/rachelpoverman/Desktop/Software Engineering Projects/unit-38-Jobly/express-jobly/routes/auth.js","statementMap":{"0":{"start":{"line":5,"column":19},"end":{"line":5,"column":40}},"1":{"start":{"line":7,"column":13},"end":{"line":7,"column":38}},"2":{"start":{"line":8,"column":16},"end":{"line":8,"column":34}},"3":{"start":{"line":9,"column":15},"end":{"line":9,"column":35}},"4":{"start":{"line":10,"column":24},"end":{"line":10,"column":52}},"5":{"start":{"line":11,"column":23},"end":{"line":11,"column":58}},"6":{"start":{"line":12,"column":27},"end":{"line":12,"column":66}},"7":{"start":{"line":13,"column":28},"end":{"line":13,"column":54}},"8":{"start":{"line":22,"column":0},"end":{"line":37,"column":3}},"9":{"start":{"line":23,"column":2},"end":{"line":36,"column":3}},"10":{"start":{"line":24,"column":22},"end":{"line":24,"column":67}},"11":{"start":{"line":25,"column":4},"end":{"line":28,"column":5}},"12":{"start":{"line":26,"column":19},"end":{"line":26,"column":53}},"13":{"start":{"line":26,"column":45},"end":{"line":26,"column":52}},"14":{"start":{"line":27,"column":6},"end":{"line":27,"column":38}},"15":{"start":{"line":30,"column":35},"end":{"line":30,"column":43}},"16":{"start":{"line":31,"column":17},"end":{"line":31,"column":60}},"17":{"start":{"line":32,"column":18},"end":{"line":32,"column":35}},"18":{"start":{"line":33,"column":4},"end":{"line":33,"column":31}},"19":{"start":{"line":35,"column":4},"end":{"line":35,"column":21}},"20":{"start":{"line":49,"column":0},"end":{"line":63,"column":3}},"21":{"start":{"line":50,"column":2},"end":{"line":62,"column":3}},"22":{"start":{"line":51,"column":22},"end":{"line":51,"column":71}},"23":{"start":{"line":52,"column":4},"end":{"line":55,"column":5}},"24":{"start":{"line":53,"column":19},"end":{"line":53,"column":53}},"25":{"start":{"line":53,"column":45},"end":{"line":53,"column":52}},"26":{"start":{"line":54,"column":6},"end":{"line":54,"column":38}},"27":{"start":{"line":57,"column":20},"end":{"line":57,"column":72}},"28":{"start":{"line":58,"column":18},"end":{"line":58,"column":38}},"29":{"start":{"line":59,"column":4},"end":{"line":59,"column":43}},"30":{"start":{"line":61,"column":4},"end":{"line":61,"column":21}},"31":{"start":{"line":66,"column":0},"end":{"line":66,"column":24}}},"fnMap":{"0":{"name":"(anonymous_0)","decl":{"start":{"line":22,"column":22},"end":{"line":22,"column":23}},"loc":{"start":{"line":22,"column":54},"end":{"line":37,"column":1}},"line":22},"1":{"name":"(anonymous_1)","decl":{"start":{"line":26,"column":40},"end":{"line":26,"column":41}},"loc":{"start":{"line":26,"column":45},"end":{"line":26,"column":52}},"line":26},"2":{"name":"(anonymous_2)","decl":{"start":{"line":49,"column":25},"end":{"line":49,"column":26}},"loc":{"start":{"line":49,"column":57},"end":{"line":63,"column":1}},"line":49},"3":{"name":"(anonymous_3)","decl":{"start":{"line":53,"column":40},"end":{"line":53,"column":41}},"loc":{"start":{"line":53,"column":45},"end":{"line":53,"column":52}},"line":53}},"branchMap":{"0":{"loc":{"start":{"line":25,"column":4},"end":{"line":28,"column":5}},"type":"if","locations":[{"start":{"line":25,"column":4},"end":{"line":28,"column":5}},{"start":{},"end":{}}],"line":25},"1":{"loc":{"start":{"line":52,"column":4},"end":{"line":55,"column":5}},"type":"if","locations":[{"start":{"line":52,"column":4},"end":{"line":55,"column":5}},{"start":{},"end":{}}],"line":52}},"s":{"0":5,"1":5,"2":5,"3":5,"4":5,"5":5,"6":5,"7":5,"8":5,"9":5,"10":5,"11":5,"12":2,"13":2,"14":2,"15":3,"16":3,"17":1,"18":1,"19":4,"20":5,"21":3,"22":3,"23":3,"24":2,"25":5,"26":2,"27":1,"28":1,"29":1,"30":2,"31":5},"f":{"0":5,"1":2,"2":3,"3":5},"b":{"0":[2,3],"1":[2,1]},"_coverageSchema":"1a1c01bbd47fc00a2c39e90264f33305004495a9","hash":"f18be069cac2acb55b7a3d6a6312a950fc8d1df2"}
,"/Users/rachelpoverman/Desktop/Software Engineering Projects/unit-38-Jobly/express-jobly/routes/companies.js": {"path":"/Users/rachelpoverman/Desktop/Software Engineering Projects/unit-38-Jobly/express-jobly/routes/companies.js","statementMap":{"0":{"start":{"line":5,"column":19},"end":{"line":5,"column":40}},"1":{"start":{"line":6,"column":16},"end":{"line":6,"column":34}},"2":{"start":{"line":8,"column":28},"end":{"line":8,"column":54}},"3":{"start":{"line":9,"column":27},"end":{"line":9,"column":56}},"4":{"start":{"line":10,"column":24},"end":{"line":10,"column":53}},"5":{"start":{"line":11,"column":16},"end":{"line":11,"column":44}},"6":{"start":{"line":13,"column":25},"end":{"line":13,"column":62}},"7":{"start":{"line":14,"column":28},"end":{"line":14,"column":68}},"8":{"start":{"line":16,"column":15},"end":{"line":16,"column":35}},"9":{"start":{"line":28,"column":0},"end":{"line":41,"column":3}},"10":{"start":{"line":29,"column":2},"end":{"line":40,"column":3}},"11":{"start":{"line":30,"column":22},"end":{"line":30,"column":69}},"12":{"start":{"line":31,"column":4},"end":{"line":34,"column":5}},"13":{"start":{"line":32,"column":19},"end":{"line":32,"column":53}},"14":{"start":{"line":32,"column":45},"end":{"line":32,"column":52}},"15":{"start":{"line":33,"column":6},"end":{"line":33,"column":38}},"16":{"start":{"line":36,"column":20},"end":{"line":36,"column":50}},"17":{"start":{"line":37,"column":4},"end":{"line":37,"column":45}},"18":{"start":{"line":39,"column":4},"end":{"line":39,"column":21}},"19":{"start":{"line":54,"column":0},"end":{"line":67,"column":3}},"20":{"start":{"line":55,"column":2},"end":{"line":66,"column":3}},"21":{"start":{"line":57,"column":49},"end":{"line":57,"column":58}},"22":{"start":{"line":58,"column":4},"end":{"line":60,"column":5}},"23":{"start":{"line":59,"column":6},"end":{"line":59,"column":120}},"24":{"start":{"line":62,"column":22},"end":{"line":62,"column":45}},"25":{"start":{"line":63,"column":4},"end":{"line":63,"column":35}},"26":{"start":{"line":65,"column":4},"end":{"line":65,"column":21}},"27":{"start":{"line":77,"column":0},"end":{"line":84,"column":3}},"28":{"start":{"line":78,"column":2},"end":{"line":83,"column":3}},"29":{"start":{"line":79,"column":20},"end":{"line":79,"column":56}},"30":{"start":{"line":80,"column":4},"end":{"line":80,"column":33}},"31":{"start":{"line":82,"column":4},"end":{"line":82,"column":21}},"32":{"start":{"line":97,"column":0},"end":{"line":110,"column":3}},"33":{"start":{"line":98,"column":2},"end":{"line":109,"column":3}},"34":{"start":{"line":99,"column":22},"end":{"line":99,"column":72}},"35":{"start":{"line":100,"column":4},"end":{"line":103,"column":5}},"36":{"start":{"line":101,"column":19},"end":{"line":101,"column":53}},"37":{"start":{"line":101,"column":45},"end":{"line":101,"column":52}},"38":{"start":{"line":102,"column":6},"end":{"line":102,"column":38}},"39":{"start":{"line":105,"column":20},"end":{"line":105,"column":69}},"40":{"start":{"line":106,"column":4},"end":{"line":106,"column":33}},"41":{"start":{"line":108,"column":4},"end":{"line":108,"column":21}},"42":{"start":{"line":117,"column":0},"end":{"line":124,"column":3}},"43":{"start":{"line":118,"column":2},"end":{"line":123,"column":3}},"44":{"start":{"line":119,"column":4},"end":{"line":119,"column":44}},"45":{"start":{"line":120,"column":4},"end":{"line":120,"column":52}},"46":{"start":{"line":122,"column":4},"end":{"line":122,"column":21}},"47":{"start":{"line":127,"column":0},"end":{"line":127,"column":24}}},"fnMap":{"0":{"name":"(anonymous_0)","decl":{"start":{"line":28,"column":46},"end":{"line":28,"column":47}},"loc":{"start":{"line":28,"column":78},"end":{"line":41,"column":1}},"line":28},"1":{"name":"(anonymous_1)","decl":{"start":{"line":32,"column":40},"end":{"line":32,"column":41}},"loc":{"start":{"line":32,"column":45},"end":{"line":32,"column":52}},"line":32},"2":{"name":"(anonymous_2)","decl":{"start":{"line":54,"column":16},"end":{"line":54,"column":17}},"loc":{"start":{"line":54,"column":48},"end":{"line":67,"column":1}},"line":54},"3":{"name":"(anonymous_3)","decl":{"start":{"line":77,"column":23},"end":{"line":77,"column":24}},"loc":{"start":{"line":77,"column":55},"end":{"line":84,"column":1}},"line":77},"4":{"name":"(anonymous_4)","decl":{"start":{"line":97,"column":54},"end":{"line":97,"column":55}},"loc":{"start":{"line":97,"column":86},"end":{"line":110,"column":1}},"line":97},"5":{"name":"(anonymous_5)","decl":{"start":{"line":101,"column":40},"end":{"line":101,"column":41}},"loc":{"start":{"line":101,"column":45},"end":{"line":101,"column":52}},"line":101},"6":{"name":"(anonymous_6)","decl":{"start":{"line":117,"column":55},"end":{"line":117,"column":56}},"loc":{"start":{"line":117,"column":87},"end":{"line":124,"column":1}},"line":117}},"branchMap":{"0":{"loc":{"start":{"line":31,"column":4},"end":{"line":34,"column":5}},"type":"if","locations":[{"start":{"line":31,"column":4},"end":{"line":34,"column":5}},{"start":{},"end":{}}],"line":31},"1":{"loc":{"start":{"line":58,"column":4},"end":{"line":60,"column":5}},"type":"if","locations":[{"start":{"line":58,"column":4},"end":{"line":60,"column":5}},{"start":{},"end":{}}],"line":58},"2":{"loc":{"start":{"line":58,"column":8},"end":{"line":58,"column":97}},"type":"binary-expr","locations":[{"start":{"line":58,"column":8},"end":{"line":58,"column":34}},{"start":{"line":58,"column":38},"end":{"line":58,"column":64}},{"start":{"line":58,"column":68},"end":{"line":58,"column":97}}],"line":58},"3":{"loc":{"start":{"line":100,"column":4},"end":{"line":103,"column":5}},"type":"if","locations":[{"start":{"line":100,"column":4},"end":{"line":103,"column":5}},{"start":{},"end":{}}],"line":100}},"s":{"0":5,"1":5,"2":5,"3":5,"4":5,"5":5,"6":5,"7":5,"8":5,"9":5,"10":0,"11":0,"12":0,"13":0,"14":0,"15":0,"16":0,"17":0,"18":0,"19":5,"20":3,"21":3,"22":3,"23":0,"24":3,"25":2,"26":1,"27":5,"28":3,"29":3,"30":2,"31":1,"32":5,"33":0,"34":0,"35":0,"36":0,"37":0,"38":0,"39":0,"40":0,"41":0,"42":5,"43":0,"44":0,"45":0,"46":0,"47":5},"f":{"0":0,"1":0,"2":3,"3":3,"4":0,"5":0,"6":0},"b":{"0":[0,0],"1":[0,3],"2":[3,0,0],"3":[0,0]},"_coverageSchema":"1a1c01bbd47fc00a2c39e90264f33305004495a9","hash":"01693068da7b9257982f112391af4b6a869690dd"}
,"/Users/rachelpoverman/Desktop/Software Engineering Projects/unit-38-Jobly/express-jobly/routes/users.js": {"path":"/Users/rachelpoverman/Desktop/Software Engineering Projects/unit-38-Jobly/express-jobly/routes/users.js","statementMap":{"0":{"start":{"line":5,"column":19},"end":{"line":5,"column":40}},"1":{"start":{"line":7,"column":16},"end":{"line":7,"column":34}},"2":{"start":{"line":8,"column":27},"end":{"line":8,"column":56}},"3":{"start":{"line":9,"column":24},"end":{"line":9,"column":53}},"4":{"start":{"line":10,"column":28},"end":{"line":10,"column":54}},"5":{"start":{"line":11,"column":13},"end":{"line":11,"column":38}},"6":{"start":{"line":12,"column":24},"end":{"line":12,"column":52}},"7":{"start":{"line":13,"column":22},"end":{"line":13,"column":56}},"8":{"start":{"line":14,"column":25},"end":{"line":14,"column":62}},"9":{"start":{"line":16,"column":15},"end":{"line":16,"column":31}},"10":{"start":{"line":31,"column":0},"end":{"line":45,"column":3}},"11":{"start":{"line":32,"column":2},"end":{"line":44,"column":3}},"12":{"start":{"line":33,"column":22},"end":{"line":33,"column":66}},"13":{"start":{"line":34,"column":4},"end":{"line":37,"column":5}},"14":{"start":{"line":35,"column":19},"end":{"line":35,"column":53}},"15":{"start":{"line":35,"column":45},"end":{"line":35,"column":52}},"16":{"start":{"line":36,"column":6},"end":{"line":36,"column":38}},"17":{"start":{"line":39,"column":17},"end":{"line":39,"column":46}},"18":{"start":{"line":40,"column":18},"end":{"line":40,"column":35}},"19":{"start":{"line":41,"column":4},"end":{"line":41,"column":49}},"20":{"start":{"line":43,"column":4},"end":{"line":43,"column":21}},"21":{"start":{"line":52,"column":0},"end":{"line":63,"column":3}},"22":{"start":{"line":53,"column":2},"end":{"line":62,"column":3}},"23":{"start":{"line":54,"column":21},"end":{"line":54,"column":40}},"24":{"start":{"line":55,"column":18},"end":{"line":55,"column":31}},"25":{"start":{"line":57,"column":4},"end":{"line":57,"column":38}},"26":{"start":{"line":59,"column":4},"end":{"line":59,"column":40}},"27":{"start":{"line":61,"column":4},"end":{"line":61,"column":21}},"28":{"start":{"line":73,"column":0},"end":{"line":80,"column":3}},"29":{"start":{"line":74,"column":2},"end":{"line":79,"column":3}},"30":{"start":{"line":75,"column":18},"end":{"line":75,"column":38}},"31":{"start":{"line":76,"column":4},"end":{"line":76,"column":31}},"32":{"start":{"line":78,"column":4},"end":{"line":78,"column":21}},"33":{"start":{"line":90,"column":0},"end":{"line":97,"column":3}},"34":{"start":{"line":91,"column":2},"end":{"line":96,"column":3}},"35":{"start":{"line":92,"column":17},"end":{"line":92,"column":52}},"36":{"start":{"line":93,"column":4},"end":{"line":93,"column":30}},"37":{"start":{"line":95,"column":4},"end":{"line":95,"column":21}},"38":{"start":{"line":110,"column":0},"end":{"line":123,"column":3}},"39":{"start":{"line":111,"column":2},"end":{"line":122,"column":3}},"40":{"start":{"line":112,"column":22},"end":{"line":112,"column":69}},"41":{"start":{"line":113,"column":4},"end":{"line":116,"column":5}},"42":{"start":{"line":114,"column":19},"end":{"line":114,"column":53}},"43":{"start":{"line":114,"column":45},"end":{"line":114,"column":52}},"44":{"start":{"line":115,"column":6},"end":{"line":115,"column":38}},"45":{"start":{"line":118,"column":17},"end":{"line":118,"column":65}},"46":{"start":{"line":119,"column":4},"end":{"line":119,"column":30}},"47":{"start":{"line":121,"column":4},"end":{"line":121,"column":21}},"48":{"start":{"line":131,"column":0},"end":{"line":138,"column":3}},"49":{"start":{"line":132,"column":2},"end":{"line":137,"column":3}},"50":{"start":{"line":133,"column":4},"end":{"line":133,"column":43}},"51":{"start":{"line":134,"column":4},"end":{"line":134,"column":54}},"52":{"start":{"line":136,"column":4},"end":{"line":136,"column":21}},"53":{"start":{"line":141,"column":0},"end":{"line":141,"column":24}}},"fnMap":{"0":{"name":"(anonymous_0)","decl":{"start":{"line":31,"column":46},"end":{"line":31,"column":47}},"loc":{"start":{"line":31,"column":78},"end":{"line":45,"column":1}},"line":31},"1":{"name":"(anonymous_1)","decl":{"start":{"line":35,"column":40},"end":{"line":35,"column":41}},"loc":{"start":{"line":35,"column":45},"end":{"line":35,"column":52}},"line":35},"2":{"name":"(anonymous_2)","decl":{"start":{"line":52,"column":51},"end":{"line":52,"column":52}},"loc":{"start":{"line":52,"column":83},"end":{"line":63,"column":1}},"line":52},"3":{"name":"(anonymous_3)","decl":{"start":{"line":73,"column":45},"end":{"line":73,"column":46}},"loc":{"start":{"line":73,"column":77},"end":{"line":80,"column":1}},"line":73},"4":{"name":"(anonymous_4)","decl":{"start":{"line":90,"column":41},"end":{"line":90,"column":42}},"loc":{"start":{"line":90,"column":73},"end":{"line":97,"column":1}},"line":90},"5":{"name":"(anonymous_5)","decl":{"start":{"line":110,"column":56},"end":{"line":110,"column":57}},"loc":{"start":{"line":110,"column":88},"end":{"line":123,"column":1}},"line":110},"6":{"name":"(anonymous_6)","decl":{"start":{"line":114,"column":40},"end":{"line":114,"column":41}},"loc":{"start":{"line":114,"column":45},"end":{"line":114,"column":52}},"line":114},"7":{"name":"(anonymous_7)","decl":{"start":{"line":131,"column":57},"end":{"line":131,"column":58}},"loc":{"start":{"line":131,"column":89},"end":{"line":138,"column":1}},"line":131}},"branchMap":{"0":{"loc":{"start":{"line":34,"column":4},"end":{"line":37,"column":5}},"type":"if","locations":[{"start":{"line":34,"column":4},"end":{"line":37,"column":5}},{"start":{},"end":{}}],"line":34},"1":{"loc":{"start":{"line":113,"column":4},"end":{"line":116,"column":5}},"type":"if","locations":[{"start":{"line":113,"column":4},"end":{"line":116,"column":5}},{"start":{},"end":{}}],"line":113}},"s":{"0":5,"1":5,"2":5,"3":5,"4":5,"5":5,"6":5,"7":5,"8":5,"9":5,"10":5,"11":0,"12":0,"13":0,"14":0,"15":0,"16":0,"17":0,"18":0,"19":0,"20":0,"21":5,"22":0,"23":0,"24":0,"25":0,"26":0,"27":0,"28":5,"29":0,"30":0,"31":0,"32":0,"33":5,"34":2,"35":2,"36":1,"37":1,"38":5,"39":0,"40":0,"41":0,"42":0,"43":0,"44":0,"45":0,"46":0,"47":0,"48":5,"49":0,"50":0,"51":0,"52":0,"53":5},"f":{"0":0,"1":0,"2":0,"3":0,"4":2,"5":0,"6":0,"7":0},"b":{"0":[0,0],"1":[0,0]},"_coverageSchema":"1a1c01bbd47fc00a2c39e90264f33305004495a9","hash":"5c92d84cbe43b79adf4da45c96bed5da98343be3"}
}
