TN:
SF:app.js
FN:30,(anonymous_0)
FN:35,(anonymous_1)
FNF:2
FNH:2
FNDA:17,(anonymous_0)
FNDA:56,(anonymous_1)
DA:5,5
DA:6,5
DA:8,5
DA:10,5
DA:11,5
DA:12,5
DA:13,5
DA:15,5
DA:17,5
DA:19,5
DA:20,5
DA:21,5
DA:22,5
DA:24,5
DA:25,5
DA:26,5
DA:30,5
DA:31,17
DA:35,5
DA:36,56
DA:37,1
DA:40,56
DA:41,56
DA:43,56
DA:48,5
LF:25
LH:25
BRDA:36,0,0,1
BRDA:36,0,1,55
BRDA:40,1,0,56
BRDA:40,1,1,1
BRF:4
BRH:4
end_of_record
TN:
SF:config.js
FN:13,getDatabaseUri
FNF:1
FNH:1
FNDA:22,getDatabaseUri
DA:5,11
DA:6,11
DA:8,11
DA:10,11
DA:14,22
DA:22,11
DA:24,11
DA:25,11
DA:26,11
DA:27,11
DA:28,11
DA:29,11
DA:31,11
LF:13
LH:13
BRDA:8,0,0,11
BRDA:8,0,1,10
BRDA:10,1,0,11
BRDA:10,1,1,10
BRDA:14,2,0,19
BRDA:14,2,1,3
BRDA:16,3,0,3
BRDA:16,3,1,1
BRDA:22,4,0,10
BRDA:22,4,1,1
BRF:10
BRH:10
end_of_record
TN:
SF:db.js
FNF:0
FNH:0
DA:3,8
DA:4,8
DA:8,8
DA:9,0
DA:16,8
DA:21,8
DA:23,8
LF:7
LH:6
BRDA:8,0,0,0
BRDA:8,0,1,8
BRF:2
BRH:1
end_of_record
TN:
SF:expressError.js
FN:8,(anonymous_0)
FN:18,(anonymous_1)
FN:26,(anonymous_2)
FN:34,(anonymous_3)
FN:42,(anonymous_4)
FNF:5
FNH:4
FNDA:76,(anonymous_0)
FNDA:31,(anonymous_1)
FNDA:35,(anonymous_2)
FNDA:10,(anonymous_3)
FNDA:0,(anonymous_4)
DA:9,76
DA:10,76
DA:11,76
DA:19,31
DA:27,35
DA:35,10
DA:43,0
DA:47,10
LF:8
LH:7
BRDA:18,0,0,17
BRDA:26,1,0,31
BRDA:34,2,0,0
BRDA:42,3,0,0
BRF:4
BRH:2
end_of_record
TN:
SF:helpers/sql.js
FN:15,sqlForPartialUpdate
FN:20,(anonymous_1)
FNF:2
FNH:2
FNDA:13,sqlForPartialUpdate
FNDA:23,(anonymous_1)
DA:1,9
DA:16,13
DA:17,13
DA:20,9
DA:21,23
DA:24,9
DA:30,9
LF:7
LH:7
BRDA:17,0,0,4
BRDA:17,0,1,9
BRDA:21,1,0,23
BRDA:21,1,1,12
BRF:4
BRH:4
end_of_record
TN:
SF:helpers/tokens.js
FN:6,createToken
FNF:1
FNH:1
FNDA:9,createToken
DA:1,6
DA:2,6
DA:7,9
DA:10,9
DA:15,9
DA:18,6
LF:6
LH:6
BRDA:12,0,0,9
BRDA:12,0,1,8
BRF:2
BRH:2
end_of_record
TN:
SF:middleware/auth.js
FN:18,authenticateJWT
FN:36,ensureLoggedIn
FN:45,ensureAdmin
FNF:3
FNH:3
FNDA:66,authenticateJWT
FNDA:34,ensureLoggedIn
FNDA:23,ensureAdmin
DA:5,6
DA:6,6
DA:7,6
DA:19,66
DA:20,66
DA:21,66
DA:22,40
DA:23,40
DA:25,56
DA:27,10
DA:37,34
DA:38,34
DA:39,26
DA:41,8
DA:46,23
DA:47,23
DA:48,23
DA:50,0
DA:52,23
DA:56,6
LF:20
LH:19
BRDA:20,0,0,66
BRDA:20,0,1,65
BRDA:21,1,0,40
BRDA:21,1,1,26
BRDA:38,2,0,8
BRDA:38,2,1,26
BRDA:47,3,0,23
BRDA:47,3,1,0
BRDA:47,4,0,23
BRDA:47,4,1,23
BRF:10
BRH:9
end_of_record
TN:
SF:models/_testCommon.js
FN:6,commonBeforeAll
FN:37,commonBeforeEach
FN:41,commonAfterEach
FN:45,commonAfterAll
FNF:4
FNH:4
FNDA:3,commonBeforeAll
FNDA:40,commonBeforeEach
FNDA:40,commonAfterEach
FNDA:3,commonAfterAll
DA:1,3
DA:3,3
DA:4,3
DA:7,3
DA:9,3
DA:11,3
DA:13,3
DA:19,3
DA:33,0
DA:38,40
DA:42,40
DA:46,3
DA:50,3
LF:13
LH:12
BRF:0
BRH:0
end_of_record
TN:
SF:models/company.js
FN:19,(anonymous_0)
FN:54,(anonymous_1)
FN:80,(anonymous_2)
FN:105,(anonymous_3)
FN:135,(anonymous_4)
FN:165,(anonymous_5)
FNF:6
FNH:6
FNDA:19,(anonymous_0)
FNDA:5,(anonymous_1)
FNDA:1,(anonymous_2)
FNDA:5,(anonymous_3)
FNDA:4,(anonymous_4)
FNDA:2,(anonymous_5)
DA:3,6
DA:4,6
DA:5,6
DA:20,19
DA:26,19
DA:27,1
DA:29,18
DA:42,18
DA:44,18
DA:55,5
DA:58,5
DA:59,5
DA:60,5
DA:62,5
DA:63,1
DA:64,1
DA:66,5
DA:67,0
DA:68,0
DA:70,5
DA:71,0
DA:72,0
DA:76,5
DA:78,5
DA:79,1
DA:80,1
DA:81,1
DA:82,1
DA:86,5
DA:94,4
DA:106,5
DA:116,5
DA:118,5
DA:120,3
DA:136,4
DA:142,3
DA:144,3
DA:152,3
DA:153,3
DA:155,3
DA:157,2
DA:166,2
DA:172,2
DA:174,2
DA:179,6
LF:45
LH:41
BRDA:26,0,0,1
BRDA:26,0,1,18
BRDA:54,1,0,4
BRDA:62,2,0,1
BRDA:62,2,1,4
BRDA:66,3,0,0
BRDA:66,3,1,5
BRDA:70,4,0,0
BRDA:70,4,1,5
BRDA:78,5,0,1
BRDA:78,5,1,4
BRDA:118,6,0,2
BRDA:118,6,1,3
BRDA:155,7,0,1
BRDA:155,7,1,2
BRDA:174,8,0,1
BRDA:174,8,1,1
BRF:17
BRH:15
end_of_record
TN:
SF:models/jobs.js
FN:19,(anonymous_0)
FN:49,(anonymous_1)
FN:70,(anonymous_2)
FN:101,(anonymous_3)
FN:126,(anonymous_4)
FNF:5
FNH:5
FNDA:2,(anonymous_0)
FNDA:1,(anonymous_1)
FNDA:2,(anonymous_2)
FNDA:3,(anonymous_3)
FNDA:2,(anonymous_4)
DA:3,1
DA:4,1
DA:5,1
DA:20,2
DA:27,2
DA:28,0
DA:31,2
DA:39,1
DA:41,1
DA:50,1
DA:59,1
DA:71,2
DA:82,2
DA:84,2
DA:86,0
DA:102,3
DA:103,2
DA:105,2
DA:113,2
DA:114,2
DA:116,2
DA:118,0
DA:127,2
DA:134,2
DA:136,2
DA:140,1
LF:26
LH:23
BRDA:27,0,0,0
BRDA:27,0,1,2
BRDA:84,1,0,2
BRDA:84,1,1,0
BRDA:116,2,0,2
BRDA:116,2,1,0
BRDA:136,3,0,2
BRDA:136,3,1,0
BRF:8
BRH:4
end_of_record
TN:
SF:models/user.js
FN:24,(anonymous_0)
FN:59,(anonymous_1)
FN:104,(anonymous_2)
FN:126,(anonymous_3)
FN:152,(anonymous_4)
FN:214,(anonymous_5)
FN:247,(anonymous_6)
FNF:7
FNH:6
FNDA:6,(anonymous_0)
FNDA:17,(anonymous_1)
FNDA:1,(anonymous_2)
FNDA:4,(anonymous_3)
FNDA:0,(anonymous_4)
FNDA:4,(anonymous_5)
FNDA:2,(anonymous_6)
DA:3,6
DA:4,6
DA:5,6
DA:10,6
DA:12,6
DA:26,6
DA:38,6
DA:40,6
DA:42,3
DA:43,3
DA:44,2
DA:45,2
DA:49,4
DA:61,17
DA:68,17
DA:69,1
DA:72,16
DA:74,16
DA:94,16
DA:96,16
DA:105,1
DA:115,1
DA:127,4
DA:138,4
DA:140,4
DA:142,2
DA:153,0
DA:159,0
DA:166,0
DA:167,0
DA:169,0
DA:170,0
DA:173,0
DA:174,0
DA:177,0
DA:184,0
DA:185,0
DA:188,0
DA:194,0
DA:215,4
DA:216,1
DA:219,4
DA:226,3
DA:228,3
DA:236,3
DA:237,3
DA:239,3
DA:241,2
DA:242,2
DA:248,2
DA:255,2
DA:257,2
DA:262,6
LF:53
LH:40
BRDA:40,0,0,3
BRDA:40,0,1,3
BRDA:43,1,0,2
BRDA:43,1,1,1
BRDA:68,2,0,1
BRDA:68,2,1,16
BRDA:140,3,0,2
BRDA:140,3,1,2
BRDA:169,4,0,0
BRDA:169,4,1,0
BRDA:173,5,0,0
BRDA:173,5,1,0
BRDA:184,6,0,0
BRDA:184,6,1,0
BRDA:215,7,0,1
BRDA:215,7,1,3
BRDA:239,8,0,1
BRDA:239,8,1,2
BRDA:257,9,0,1
BRDA:257,9,1,1
BRF:20
BRH:14
end_of_record
TN:
SF:routes/_testCommon.js
FN:8,commonBeforeAll
FN:69,commonBeforeEach
FN:73,commonAfterEach
FN:77,commonAfterAll
FNF:4
FNH:4
FNDA:4,commonBeforeAll
FNDA:61,commonBeforeEach
FNDA:61,commonAfterEach
FNDA:4,commonAfterAll
DA:3,4
DA:4,4
DA:5,4
DA:6,4
DA:9,4
DA:11,4
DA:13,4
DA:15,0
DA:18,4
DA:26,4
DA:34,4
DA:43,4
DA:51,4
DA:59,4
DA:70,61
DA:74,61
DA:78,4
DA:82,4
DA:85,4
LF:19
LH:18
BRF:0
BRH:0
end_of_record
TN:
SF:routes/auth.js
FN:22,(anonymous_0)
FN:26,(anonymous_1)
FN:49,(anonymous_2)
FN:53,(anonymous_3)
FNF:4
FNH:4
FNDA:5,(anonymous_0)
FNDA:2,(anonymous_1)
FNDA:3,(anonymous_2)
FNDA:5,(anonymous_3)
DA:5,5
DA:7,5
DA:8,5
DA:9,5
DA:10,5
DA:11,5
DA:12,5
DA:13,5
DA:22,5
DA:23,5
DA:24,5
DA:25,5
DA:26,2
DA:27,2
DA:30,3
DA:31,3
DA:32,1
DA:33,1
DA:35,4
DA:49,5
DA:50,3
DA:51,3
DA:52,3
DA:53,5
DA:54,2
DA:57,1
DA:58,1
DA:59,1
DA:61,2
DA:66,5
LF:30
LH:30
BRDA:25,0,0,2
BRDA:25,0,1,3
BRDA:52,1,0,2
BRDA:52,1,1,1
BRF:4
BRH:4
end_of_record
TN:
SF:routes/companies.js
FN:28,(anonymous_0)
FN:32,(anonymous_1)
FN:54,(anonymous_2)
FN:77,(anonymous_3)
FN:97,(anonymous_4)
FN:101,(anonymous_5)
FN:117,(anonymous_6)
FNF:7
FNH:2
FNDA:0,(anonymous_0)
FNDA:0,(anonymous_1)
FNDA:3,(anonymous_2)
FNDA:3,(anonymous_3)
FNDA:0,(anonymous_4)
FNDA:0,(anonymous_5)
FNDA:0,(anonymous_6)
DA:5,5
DA:6,5
DA:8,5
DA:9,5
DA:10,5
DA:11,5
DA:13,5
DA:14,5
DA:16,5
DA:28,5
DA:29,0
DA:30,0
DA:31,0
DA:32,0
DA:33,0
DA:36,0
DA:37,0
DA:39,0
DA:54,5
DA:55,3
DA:57,3
DA:58,3
DA:59,0
DA:62,3
DA:63,2
DA:65,1
DA:77,5
DA:78,3
DA:79,3
DA:80,2
DA:82,1
DA:97,5
DA:98,0
DA:99,0
DA:100,0
DA:101,0
DA:102,0
DA:105,0
DA:106,0
DA:108,0
DA:117,5
DA:118,0
DA:119,0
DA:120,0
DA:122,0
DA:127,5
LF:46
LH:25
BRDA:31,0,0,0
BRDA:31,0,1,0
BRDA:58,1,0,0
BRDA:58,1,1,3
BRDA:58,2,0,3
BRDA:58,2,1,0
BRDA:58,2,2,0
BRDA:100,3,0,0
BRDA:100,3,1,0
BRF:9
BRH:2
end_of_record
TN:
SF:routes/users.js
FN:31,(anonymous_0)
FN:35,(anonymous_1)
FN:52,(anonymous_2)
FN:73,(anonymous_3)
FN:90,(anonymous_4)
FN:110,(anonymous_5)
FN:114,(anonymous_6)
FN:131,(anonymous_7)
FNF:8
FNH:1
FNDA:0,(anonymous_0)
FNDA:0,(anonymous_1)
FNDA:0,(anonymous_2)
FNDA:0,(anonymous_3)
FNDA:2,(anonymous_4)
FNDA:0,(anonymous_5)
FNDA:0,(anonymous_6)
FNDA:0,(anonymous_7)
DA:5,5
DA:7,5
DA:8,5
DA:9,5
DA:10,5
DA:11,5
DA:12,5
DA:13,5
DA:14,5
DA:16,5
DA:31,5
DA:32,0
DA:33,0
DA:34,0
DA:35,0
DA:36,0
DA:39,0
DA:40,0
DA:41,0
DA:43,0
DA:52,5
DA:53,0
DA:54,0
DA:55,0
DA:57,0
DA:59,0
DA:61,0
DA:73,5
DA:74,0
DA:75,0
DA:76,0
DA:78,0
DA:90,5
DA:91,2
DA:92,2
DA:93,1
DA:95,1
DA:110,5
DA:111,0
DA:112,0
DA:113,0
DA:114,0
DA:115,0
DA:118,0
DA:119,0
DA:121,0
DA:131,5
DA:132,0
DA:133,0
DA:134,0
DA:136,0
DA:141,5
LF:52
LH:21
BRDA:34,0,0,0
BRDA:34,0,1,0
BRDA:113,1,0,0
BRDA:113,1,1,0
BRF:4
BRH:0
end_of_record
